#
# A fatal error has been detected by the Java Runtime Environment:
#
#  SIGSEGV (0xb) at pc=0x00007fa2f8a3ab34, pid=26979, tid=26997
#
# JRE version: OpenJDK Runtime Environment (11.0.15+10) (build 11.0.15+10-Ubuntu-0ubuntu0.20.04.1)
# Java VM: OpenJDK 64-Bit Server VM (11.0.15+10-Ubuntu-0ubuntu0.20.04.1, mixed mode, sharing, tiered, compressed oops, g1 gc, linux-amd64)
# Problematic frame:
# V  [libjvm.so+0x793b34]
#
# Core dump will be written. Default location: Core dumps may be processed with "/usr/share/apport/apport %p %s %c %d %P %E" (or dumping to /home/luccasparoni/Documents/TCC/TesteImportFST/core.26979)
#
# If you would like to submit a bug report, please visit:
#   Unknown
#

---------------  S U M M A R Y ------------

Command Line: com.jeantessier.dependencyfinder.cli.JarJarDiff -code -out /home/luccasparoni/Documents/TCC/RegressionTestSelectionTool/target/jarjardiff_tempfile.xml -old-label Initial -old /home/luccasparoni/Documents/TCC/Defects4j-Compiled-ForTest/Time_v1b -new-label Modified -new /home/luccasparoni/Documents/TCC/Defects4j-Compiled-ForTest/Time_v27b

Host: Intel(R) Core(TM) i7-5500U CPU @ 2.40GHz, 4 cores, 9G, Ubuntu 20.04.3 LTS
Time: Mon May  2 20:19:16 2022 -03 elapsed time: 3.475813 seconds (0d 0h 0m 3s)

---------------  T H R E A D  ---------------

Current thread (0x00007fa2bc002800):  GCTaskThread "GC Thread#2" [stack: 0x00007fa2c9f00000,0x00007fa2ca000000] [id=26997]

Stack: [0x00007fa2c9f00000,0x00007fa2ca000000],  sp=0x00007fa2c9ffeaf0,  free space=1018k
Native frames: (J=compiled Java code, A=aot compiled Java code, j=interpreted, Vv=VM code, C=native code)
V  [libjvm.so+0x793b34]
V  [libjvm.so+0x791f13]
V  [libjvm.so+0x792a33]
V  [libjvm.so+0x74f394]
V  [libjvm.so+0x756c46]
V  [libjvm.so+0xec0ffd]
V  [libjvm.so+0xe27e70]
V  [libjvm.so+0xbe65f6]


siginfo: si_signo: 11 (SIGSEGV), si_code: 1 (SEGV_MAPERR), si_addr: 0x00000000000000f8

Register to memory mapping:

RAX=0x0 is NULL
RBX=0x0000000766fd2b74 points into unknown readable memory: 00 00 00 14
RCX=0x00007fa2f000eb90 points into unknown readable memory: 0x0000000000000000 | 00 00 00 00 00 00 00 00
RDX=0x0000000000000a00 is an unknown value
RSP=0x00007fa2c9ffeaf0 points into unknown readable memory: 0x0000000000000005 | 05 00 00 00 00 00 00 00
RBP=0x00007fa2c9ffeb40 points into unknown readable memory: 0x00007fa2c9ffebd0 | d0 eb ff c9 a2 7f 00 00
RSI=0x00007fa2f00256b0 points into unknown readable memory: 0x00007fa2f94c2058 | 58 20 4c f9 a2 7f 00 00
RDI=0x0 is NULL
R8 =0x000000080006bca8 is pointing into metadata
R9 =0x00007fa288004a60 points into unknown readable memory: 0x00007fa2f9417fb0 | b0 7f 41 f9 a2 7f 00 00
R10=0x000000000000000d is an unknown value
R11=0x0000000000000002 is an unknown value
R12=0x0 is NULL
R13=0x0000000766fd2b6c points into unknown readable memory: bc 13 41 ed
R14=0x00007fa288004bd0 points into unknown readable memory: 0x00007fa2f9417f70 | 70 7f 41 f9 a2 7f 00 00
R15=0x000000080006bca8 is pointing into metadata


Registers:
RAX=0x0000000000000000, RBX=0x0000000766fd2b74, RCX=0x00007fa2f000eb90, RDX=0x0000000000000a00
RSP=0x00007fa2c9ffeaf0, RBP=0x00007fa2c9ffeb40, RSI=0x00007fa2f00256b0, RDI=0x0000000000000000
R8 =0x000000080006bca8, R9 =0x00007fa288004a60, R10=0x000000000000000d, R11=0x0000000000000002
R12=0x0000000000000000, R13=0x0000000766fd2b6c, R14=0x00007fa288004bd0, R15=0x000000080006bca8
RIP=0x00007fa2f8a3ab34, EFLAGS=0x0000000000010206, CSGSFS=0x002b000000000033, ERR=0x0000000000000004
  TRAPNO=0x000000000000000e

Top of Stack: (sp=0x00007fa2c9ffeaf0)
0x00007fa2c9ffeaf0:   0000000000000005 00007fa2c9ffeb9e
0x00007fa2c9ffeb00:   00007fa2f0050f44 0000000766fd2b60
0x00007fa2c9ffeb10:   00007fa2c9ffeb70 0000000000000003
0x00007fa2c9ffeb20:   000000076a09d770 00007fa288004a60 

Instructions: (pc=0x00007fa2f8a3ab34)
0x00007fa2f8a3aa34:   55 48 89 e5 41 57 41 56 49 89 fe 48 89 d7 41 55
0x00007fa2f8a3aa44:   41 54 53 48 89 d3 48 83 ec 28 48 89 75 c8 e8 f9
0x00007fa2f8a3aa54:   fb 28 00 48 63 93 34 01 00 00 49 89 c0 48 63 83
0x00007fa2f8a3aa64:   c4 00 00 00 48 01 d0 4d 8d 04 c0 8b 83 30 01 00
0x00007fa2f8a3aa74:   00 4d 8d 3c c0 4d 39 c7 0f 86 37 01 00 00 45 31
0x00007fa2f8a3aa84:   e4 0f 1f 00 41 8b 47 fc 4d 63 6f f8 49 83 ef 08
0x00007fa2f8a3aa94:   4c 03 6d c8 49 8d 5c 85 00 0f 1f 00 4c 39 eb 0f
0x00007fa2f8a3aaa4:   86 07 01 00 00 8b 43 fc 48 83 eb 04 85 c0 74 ec
0x00007fa2f8a3aab4:   48 8d 35 a5 5d ab 00 8b 4e 08 48 d3 e0 48 03 06
0x00007fa2f8a3aac4:   49 8b 76 10 48 89 c2 8b 8e f0 06 00 00 48 8b be
0x00007fa2f8a3aad4:   e0 06 00 00 48 d3 ea 0f b6 3c 17 40 84 ff 0f 8f
0x00007fa2f8a3aae4:   e8 00 00 00 48 8d 0d ed 40 ae 00 49 89 c1 49 31
0x00007fa2f8a3aaf4:   d9 8b 09 49 d3 e9 4d 85 c9 74 a1 40 80 ff ff 0f
0x00007fa2f8a3ab04:   84 67 01 00 00 49 8b 4e 20 8b 89 04 01 00 00 83
0x00007fa2f8a3ab14:   e1 02 75 88 4d 8b 4e 18 49 8b 71 08 8b 8e c0 02
0x00007fa2f8a3ab24:   00 00 48 d3 e8 48 8b 8e b0 02 00 00 48 8b 04 c1
0x00007fa2f8a3ab34:   48 8b 80 f8 00 00 00 8b 80 18 01 00 00 85 c0 0f
0x00007fa2f8a3ab44:   84 57 ff ff ff 49 8b 79 50 48 89 d9 4c 89 45 c0
0x00007fa2f8a3ab54:   48 c1 e9 09 4c 89 4d b8 48 03 4f 48 48 2b 4f 40
0x00007fa2f8a3ab64:   48 89 ce 48 89 4d b0 e8 50 e9 fa ff 4c 8b 45 c0
0x00007fa2f8a3ab74:   84 c0 0f 84 24 ff ff ff 4c 8b 4d b8 41 80 79 28
0x00007fa2f8a3ab84:   00 0f 84 15 ff ff ff 49 8b 41 50 48 8b 4d b0 49
0x00007fa2f8a3ab94:   8d 79 18 48 8b 70 40 48 01 ce e8 cd cf 4d 00 4c
0x00007fa2f8a3aba4:   8b 45 c0 4c 39 eb 0f 87 f9 fe ff ff 4d 39 c7 0f
0x00007fa2f8a3abb4:   87 cf fe ff ff 48 83 c4 28 5b 41 5c 41 5d 41 5e
0x00007fa2f8a3abc4:   41 5f 5d c3 0f 1f 84 00 00 00 00 00 42 0f 18 0c
0x00007fa2f8a3abd4:   20 b9 10 00 00 00 0f 18 0c 08 49 8b 46 18 49 89
0x00007fa2f8a3abe4:   d9 49 83 c9 01 48 8b 40 10 8b 30 8b 88 80 00 00
0x00007fa2f8a3abf4:   00 89 f2 29 ca 89 d1 81 e1 ff ff 01 00 81 f9 fd
0x00007fa2f8a3ac04:   ff 01 00 76 3f 81 f9 ff ff 01 00 0f 84 93 00 00
0x00007fa2f8a3ac14:   00 48 8b 88 b0 00 00 00 48 3b 88 98 00 00 00 0f
0x00007fa2f8a3ac24:   84 a7 00 00 00 48 8b b0 c8 00 00 00 4c 89 0c ce 


Stack slot to memory mapping:
stack at sp + 0 slots: 0x0000000000000005 is an unknown value
stack at sp + 1 slots: 0x00007fa2c9ffeb9e points into unknown readable memory: 00 00
stack at sp + 2 slots: 0x00007fa2f0050f44 points into unknown readable memory: 02 00 00 00
stack at sp + 3 slots: 0x0000000766fd2b60 points into unknown readable memory: 0x000000000000000d | 0d 00 00 00 00 00 00 00
stack at sp + 4 slots: 0x00007fa2c9ffeb70 points into unknown readable memory: 0x0000000000000009 | 09 00 00 00 00 00 00 00
stack at sp + 5 slots: 0x0000000000000003 is an unknown value
stack at sp + 6 slots: 0x000000076a09d770 points into unknown readable memory: 0x0000000766fd2b63 | 63 2b fd 66 07 00 00 00
stack at sp + 7 slots: 0x00007fa288004a60 points into unknown readable memory: 0x00007fa2f9417fb0 | b0 7f 41 f9 a2 7f 00 00


---------------  P R O C E S S  ---------------

Threads class SMR info:
_java_thread_list=0x00007fa2f01988b0, length=9, elements={
0x00007fa2f0017800, 0x00007fa2f013b000, 0x00007fa2f013d000, 0x00007fa2f0143800,
0x00007fa2f0145800, 0x00007fa2f0148000, 0x00007fa2f014a000, 0x00007fa2f014c000,
0x00007fa2f0197000
}

Java Threads: ( => current thread )
  0x00007fa2f0017800 JavaThread "main" [_thread_blocked, id=26980, stack(0x00007fa2f7e5a000,0x00007fa2f7f5b000)]
  0x00007fa2f013b000 JavaThread "Reference Handler" daemon [_thread_blocked, id=26987, stack(0x00007fa2d0f75000,0x00007fa2d1076000)]
  0x00007fa2f013d000 JavaThread "Finalizer" daemon [_thread_blocked, id=26988, stack(0x00007fa2d0e74000,0x00007fa2d0f75000)]
  0x00007fa2f0143800 JavaThread "Signal Dispatcher" daemon [_thread_blocked, id=26989, stack(0x00007fa2d0802000,0x00007fa2d0903000)]
  0x00007fa2f0145800 JavaThread "Service Thread" daemon [_thread_blocked, id=26990, stack(0x00007fa2d0701000,0x00007fa2d0802000)]
  0x00007fa2f0148000 JavaThread "C2 CompilerThread0" daemon [_thread_blocked, id=26991, stack(0x00007fa2d0600000,0x00007fa2d0701000)]
  0x00007fa2f014a000 JavaThread "C1 CompilerThread0" daemon [_thread_blocked, id=26992, stack(0x00007fa2d04ff000,0x00007fa2d0600000)]
  0x00007fa2f014c000 JavaThread "Sweeper thread" daemon [_thread_blocked, id=26993, stack(0x00007fa2d03fe000,0x00007fa2d04ff000)]
  0x00007fa2f0197000 JavaThread "Common-Cleaner" daemon [_thread_blocked, id=26995, stack(0x00007fa2d01fb000,0x00007fa2d02fc000)]

Other Threads:
  0x00007fa2f0138000 VMThread "VM Thread" [stack: 0x00007fa2d1078000,0x00007fa2d1178000] [id=26986]
  0x00007fa2f0194800 WatcherThread [stack: 0x00007fa2d02fe000,0x00007fa2d03fe000] [id=26994]
  0x00007fa2f002f800 GCTaskThread "GC Thread#0" [stack: 0x00007fa2f7adf000,0x00007fa2f7bdf000] [id=26981]
  0x00007fa2bc001000 GCTaskThread "GC Thread#1" [stack: 0x00007fa2d00ca000,0x00007fa2d01ca000] [id=26996]
=>0x00007fa2bc002800 GCTaskThread "GC Thread#2" [stack: 0x00007fa2c9f00000,0x00007fa2ca000000] [id=26997]
  0x00007fa2f006c000 ConcurrentGCThread "G1 Main Marker" [stack: 0x00007fa2f408c000,0x00007fa2f418c000] [id=26982]
  0x00007fa2f006d800 ConcurrentGCThread "G1 Conc#0" [stack: 0x00007fa2d871e000,0x00007fa2d881e000] [id=26983]
  0x00007fa2f0102800 ConcurrentGCThread "G1 Refine#0" [stack: 0x00007fa2d8218000,0x00007fa2d8318000] [id=26984]
  0x00007fa2f0104800 ConcurrentGCThread "G1 Young RemSet Sampling" [stack: 0x00007fa2d8116000,0x00007fa2d8216000] [id=26985]

Threads with active compile tasks:

VM state:at safepoint (normal execution)

VM Mutex/Monitor currently owned by a thread:  ([mutex/lock_event])
[0x00007fa2f0013350] Threads_lock - owner thread: 0x00007fa2f0138000
[0x00007fa2f0013b30] Heap_lock - owner thread: 0x00007fa2f0017800

Heap address: 0x0000000765e00000, size: 2466 MB, Compressed Oops mode: Zero based, Oop shift amount: 3
Narrow klass base: 0x0000000800000000, Narrow klass shift: 3
Compressed class space size: 1073741824 Address: 0x0000000840000000

Heap:
 garbage-first heap   total 161792K, used 111976K [0x0000000765e00000, 0x0000000800000000)
  region size 1024K, 88 young (90112K), 3 survivors (3072K)
 Metaspace       used 3222K, capacity 6014K, committed 6272K, reserved 1056768K
  class space    used 352K, capacity 601K, committed 640K, reserved 1048576K
Heap Regions: E=young(eden), S=young(survivor), O=old, HS=humongous(starts), HC=humongous(continues), CS=collection set, F=free, A=archive, TAMS=top-at-mark-start (previous, next)
|   0|0x0000000765e00000, 0x0000000765f00000, 0x0000000765f00000|100%| O|  |TAMS 0x0000000765e00000, 0x0000000765e00000| Untracked 
|   1|0x0000000765f00000, 0x0000000766000000, 0x0000000766000000|100%| O|  |TAMS 0x0000000765f00000, 0x0000000765f00000| Untracked 
|   2|0x0000000766000000, 0x0000000766100000, 0x0000000766100000|100%| O|  |TAMS 0x0000000766000000, 0x0000000766000000| Untracked 
|   3|0x0000000766100000, 0x0000000766200000, 0x0000000766200000|100%| O|  |TAMS 0x0000000766100000, 0x0000000766100000| Untracked 
|   4|0x0000000766200000, 0x0000000766300000, 0x0000000766300000|100%| O|  |TAMS 0x0000000766200000, 0x0000000766200000| Untracked 
|   5|0x0000000766300000, 0x0000000766400000, 0x0000000766400000|100%| O|  |TAMS 0x0000000766300000, 0x0000000766300000| Untracked 
|   6|0x0000000766400000, 0x0000000766500000, 0x0000000766500000|100%| O|  |TAMS 0x0000000766400000, 0x0000000766400000| Untracked 
|   7|0x0000000766500000, 0x0000000766600000, 0x0000000766600000|100%| O|  |TAMS 0x0000000766500000, 0x0000000766500000| Untracked 
|   8|0x0000000766600000, 0x0000000766700000, 0x0000000766700000|100%| O|  |TAMS 0x0000000766600000, 0x0000000766600000| Untracked 
|   9|0x0000000766700000, 0x0000000766800000, 0x0000000766800000|100%| O|  |TAMS 0x0000000766700000, 0x0000000766700000| Untracked 
|  10|0x0000000766800000, 0x0000000766900000, 0x0000000766900000|100%| O|  |TAMS 0x0000000766800000, 0x0000000766800000| Untracked 
|  11|0x0000000766900000, 0x0000000766a00000, 0x0000000766a00000|100%| O|  |TAMS 0x0000000766900000, 0x0000000766900000| Untracked 
|  12|0x0000000766a00000, 0x0000000766b00000, 0x0000000766b00000|100%| O|  |TAMS 0x0000000766a00000, 0x0000000766a00000| Untracked 
|  13|0x0000000766b00000, 0x0000000766c00000, 0x0000000766c00000|100%| O|  |TAMS 0x0000000766b00000, 0x0000000766b00000| Untracked 
|  14|0x0000000766c00000, 0x0000000766d00000, 0x0000000766d00000|100%| O|  |TAMS 0x0000000766c00000, 0x0000000766c00000| Untracked 
|  15|0x0000000766d00000, 0x0000000766e00000, 0x0000000766e00000|100%| O|  |TAMS 0x0000000766d00000, 0x0000000766d00000| Untracked 
|  16|0x0000000766e00000, 0x0000000766f00000, 0x0000000766f00000|100%| O|  |TAMS 0x0000000766e00000, 0x0000000766e00000| Untracked 
|  17|0x0000000766f00000, 0x0000000767000000, 0x0000000767000000|100%| O|  |TAMS 0x0000000766f00000, 0x0000000766f00000| Untracked 
|  18|0x0000000767000000, 0x0000000767100000, 0x0000000767100000|100%| O|  |TAMS 0x0000000767000000, 0x0000000767000000| Untracked 
|  19|0x0000000767100000, 0x0000000767200000, 0x0000000767200000|100%| O|  |TAMS 0x0000000767100000, 0x0000000767100000| Untracked 
|  20|0x0000000767200000, 0x00000007672cc720, 0x0000000767300000| 79%| O|  |TAMS 0x0000000767200000, 0x0000000767200000| Untracked 
|  21|0x0000000767300000, 0x0000000767300000, 0x0000000767400000|  0%| F|  |TAMS 0x0000000767300000, 0x0000000767300000| Untracked 
|  22|0x0000000767400000, 0x0000000767400000, 0x0000000767500000|  0%| F|  |TAMS 0x0000000767400000, 0x0000000767400000| Untracked 
|  23|0x0000000767500000, 0x0000000767500000, 0x0000000767600000|  0%| F|  |TAMS 0x0000000767500000, 0x0000000767500000| Untracked 
|  24|0x0000000767600000, 0x0000000767600000, 0x0000000767700000|  0%| F|  |TAMS 0x0000000767600000, 0x0000000767600000| Untracked 
|  25|0x0000000767700000, 0x0000000767700000, 0x0000000767800000|  0%| F|  |TAMS 0x0000000767700000, 0x0000000767700000| Untracked 
|  26|0x0000000767800000, 0x0000000767800000, 0x0000000767900000|  0%| F|  |TAMS 0x0000000767800000, 0x0000000767800000| Untracked 
|  27|0x0000000767900000, 0x0000000767900000, 0x0000000767a00000|  0%| F|  |TAMS 0x0000000767900000, 0x0000000767900000| Untracked 
|  28|0x0000000767a00000, 0x0000000767a00000, 0x0000000767b00000|  0%| F|  |TAMS 0x0000000767a00000, 0x0000000767a00000| Untracked 
|  29|0x0000000767b00000, 0x0000000767b00000, 0x0000000767c00000|  0%| F|  |TAMS 0x0000000767b00000, 0x0000000767b00000| Untracked 
|  30|0x0000000767c00000, 0x0000000767c00000, 0x0000000767d00000|  0%| F|  |TAMS 0x0000000767c00000, 0x0000000767c00000| Untracked 
|  31|0x0000000767d00000, 0x0000000767d00000, 0x0000000767e00000|  0%| F|  |TAMS 0x0000000767d00000, 0x0000000767d00000| Untracked 
|  32|0x0000000767e00000, 0x0000000767e00000, 0x0000000767f00000|  0%| F|  |TAMS 0x0000000767e00000, 0x0000000767e00000| Untracked 
|  33|0x0000000767f00000, 0x0000000767f00000, 0x0000000768000000|  0%| F|  |TAMS 0x0000000767f00000, 0x0000000767f00000| Untracked 
|  34|0x0000000768000000, 0x0000000768000000, 0x0000000768100000|  0%| F|  |TAMS 0x0000000768000000, 0x0000000768000000| Untracked 
|  35|0x0000000768100000, 0x0000000768100000, 0x0000000768200000|  0%| F|  |TAMS 0x0000000768100000, 0x0000000768100000| Untracked 
|  36|0x0000000768200000, 0x0000000768200000, 0x0000000768300000|  0%| F|  |TAMS 0x0000000768200000, 0x0000000768200000| Untracked 
|  37|0x0000000768300000, 0x0000000768300000, 0x0000000768400000|  0%| F|  |TAMS 0x0000000768300000, 0x0000000768300000| Untracked 
|  38|0x0000000768400000, 0x0000000768400000, 0x0000000768500000|  0%| F|  |TAMS 0x0000000768400000, 0x0000000768400000| Untracked 
|  39|0x0000000768500000, 0x0000000768500000, 0x0000000768600000|  0%| F|  |TAMS 0x0000000768500000, 0x0000000768500000| Untracked 
|  40|0x0000000768600000, 0x0000000768600000, 0x0000000768700000|  0%| F|  |TAMS 0x0000000768600000, 0x0000000768600000| Untracked 
|  41|0x0000000768700000, 0x0000000768700000, 0x0000000768800000|  0%| F|  |TAMS 0x0000000768700000, 0x0000000768700000| Untracked 
|  42|0x0000000768800000, 0x0000000768800000, 0x0000000768900000|  0%| F|  |TAMS 0x0000000768800000, 0x0000000768800000| Untracked 
|  43|0x0000000768900000, 0x0000000768900000, 0x0000000768a00000|  0%| F|  |TAMS 0x0000000768900000, 0x0000000768900000| Untracked 
|  44|0x0000000768a00000, 0x0000000768a00000, 0x0000000768b00000|  0%| F|  |TAMS 0x0000000768a00000, 0x0000000768a00000| Untracked 
|  45|0x0000000768b00000, 0x0000000768b00000, 0x0000000768c00000|  0%| F|  |TAMS 0x0000000768b00000, 0x0000000768b00000| Untracked 
|  46|0x0000000768c00000, 0x0000000768c00000, 0x0000000768d00000|  0%| F|  |TAMS 0x0000000768c00000, 0x0000000768c00000| Untracked 
|  47|0x0000000768d00000, 0x0000000768d00000, 0x0000000768e00000|  0%| F|  |TAMS 0x0000000768d00000, 0x0000000768d00000| Untracked 
|  48|0x0000000768e00000, 0x0000000768e00000, 0x0000000768f00000|  0%| F|  |TAMS 0x0000000768e00000, 0x0000000768e00000| Untracked 
|  49|0x0000000768f00000, 0x0000000768f00000, 0x0000000769000000|  0%| F|  |TAMS 0x0000000768f00000, 0x0000000768f00000| Untracked 
|  50|0x0000000769000000, 0x0000000769000000, 0x0000000769100000|  0%| F|  |TAMS 0x0000000769000000, 0x0000000769000000| Untracked 
|  51|0x0000000769100000, 0x0000000769100000, 0x0000000769200000|  0%| F|  |TAMS 0x0000000769100000, 0x0000000769100000| Untracked 
|  52|0x0000000769200000, 0x0000000769200000, 0x0000000769300000|  0%| F|  |TAMS 0x0000000769200000, 0x0000000769200000| Untracked 
|  53|0x0000000769300000, 0x0000000769300000, 0x0000000769400000|  0%| F|  |TAMS 0x0000000769300000, 0x0000000769300000| Untracked 
|  54|0x0000000769400000, 0x0000000769400000, 0x0000000769500000|  0%| F|  |TAMS 0x0000000769400000, 0x0000000769400000| Untracked 
|  55|0x0000000769500000, 0x0000000769500000, 0x0000000769600000|  0%| F|  |TAMS 0x0000000769500000, 0x0000000769500000| Untracked 
|  56|0x0000000769600000, 0x0000000769600000, 0x0000000769700000|  0%| F|  |TAMS 0x0000000769600000, 0x0000000769600000| Untracked 
|  57|0x0000000769700000, 0x0000000769700000, 0x0000000769800000|  0%| F|  |TAMS 0x0000000769700000, 0x0000000769700000| Untracked 
|  58|0x0000000769800000, 0x0000000769800000, 0x0000000769900000|  0%| F|  |TAMS 0x0000000769800000, 0x0000000769800000| Untracked 
|  59|0x0000000769900000, 0x0000000769900000, 0x0000000769a00000|  0%| F|  |TAMS 0x0000000769900000, 0x0000000769900000| Untracked 
|  60|0x0000000769a00000, 0x0000000769a73490, 0x0000000769b00000| 45%| S|  |TAMS 0x0000000769a00000, 0x0000000769a00000| Complete 
|  61|0x0000000769b00000, 0x0000000769c00000, 0x0000000769c00000|100%| S|  |TAMS 0x0000000769b00000, 0x0000000769b00000| Complete 
|  62|0x0000000769c00000, 0x0000000769cd1510, 0x0000000769d00000| 81%| E|CS|TAMS 0x0000000769c00000, 0x0000000769c00000| Complete 
|  63|0x0000000769d00000, 0x0000000769e00000, 0x0000000769e00000|100%| E|CS|TAMS 0x0000000769d00000, 0x0000000769d00000| Complete 
|  64|0x0000000769e00000, 0x0000000769f00000, 0x0000000769f00000|100%| E|CS|TAMS 0x0000000769e00000, 0x0000000769e00000| Complete 
|  65|0x0000000769f00000, 0x000000076a000000, 0x000000076a000000|100%| E|CS|TAMS 0x0000000769f00000, 0x0000000769f00000| Complete 
|  66|0x000000076a000000, 0x000000076a100000, 0x000000076a100000|100%| E|CS|TAMS 0x000000076a000000, 0x000000076a000000| Complete 
|  67|0x000000076a100000, 0x000000076a200000, 0x000000076a200000|100%| E|CS|TAMS 0x000000076a100000, 0x000000076a100000| Complete 
|  68|0x000000076a200000, 0x000000076a300000, 0x000000076a300000|100%| E|CS|TAMS 0x000000076a200000, 0x000000076a200000| Complete 
|  69|0x000000076a300000, 0x000000076a400000, 0x000000076a400000|100%| E|CS|TAMS 0x000000076a300000, 0x000000076a300000| Complete 
|  70|0x000000076a400000, 0x000000076a500000, 0x000000076a500000|100%| S|  |TAMS 0x000000076a400000, 0x000000076a400000| Complete 
|  71|0x000000076a500000, 0x000000076a600000, 0x000000076a600000|100%| E|CS|TAMS 0x000000076a500000, 0x000000076a500000| Complete 
|  72|0x000000076a600000, 0x000000076a700000, 0x000000076a700000|100%| E|CS|TAMS 0x000000076a600000, 0x000000076a600000| Complete 
|  73|0x000000076a700000, 0x000000076a800000, 0x000000076a800000|100%| E|CS|TAMS 0x000000076a700000, 0x000000076a700000| Complete 
|  74|0x000000076a800000, 0x000000076a900000, 0x000000076a900000|100%| E|CS|TAMS 0x000000076a800000, 0x000000076a800000| Complete 
|  75|0x000000076a900000, 0x000000076aa00000, 0x000000076aa00000|100%| E|CS|TAMS 0x000000076a900000, 0x000000076a900000| Complete 
|  76|0x000000076aa00000, 0x000000076ab00000, 0x000000076ab00000|100%| E|CS|TAMS 0x000000076aa00000, 0x000000076aa00000| Complete 
|  77|0x000000076ab00000, 0x000000076ac00000, 0x000000076ac00000|100%| E|CS|TAMS 0x000000076ab00000, 0x000000076ab00000| Complete 
|  78|0x000000076ac00000, 0x000000076ad00000, 0x000000076ad00000|100%| E|CS|TAMS 0x000000076ac00000, 0x000000076ac00000| Complete 
|  79|0x000000076ad00000, 0x000000076ae00000, 0x000000076ae00000|100%| E|CS|TAMS 0x000000076ad00000, 0x000000076ad00000| Complete 
|  80|0x000000076ae00000, 0x000000076af00000, 0x000000076af00000|100%| E|CS|TAMS 0x000000076ae00000, 0x000000076ae00000| Complete 
|  81|0x000000076af00000, 0x000000076b000000, 0x000000076b000000|100%| E|CS|TAMS 0x000000076af00000, 0x000000076af00000| Complete 
|  82|0x000000076b000000, 0x000000076b100000, 0x000000076b100000|100%| E|CS|TAMS 0x000000076b000000, 0x000000076b000000| Complete 
|  83|0x000000076b100000, 0x000000076b200000, 0x000000076b200000|100%| E|CS|TAMS 0x000000076b100000, 0x000000076b100000| Complete 
|  84|0x000000076b200000, 0x000000076b300000, 0x000000076b300000|100%| E|CS|TAMS 0x000000076b200000, 0x000000076b200000| Complete 
|  85|0x000000076b300000, 0x000000076b400000, 0x000000076b400000|100%| E|CS|TAMS 0x000000076b300000, 0x000000076b300000| Complete 
|  86|0x000000076b400000, 0x000000076b500000, 0x000000076b500000|100%| E|CS|TAMS 0x000000076b400000, 0x000000076b400000| Complete 
|  87|0x000000076b500000, 0x000000076b600000, 0x000000076b600000|100%| E|CS|TAMS 0x000000076b500000, 0x000000076b500000| Complete 
|  88|0x000000076b600000, 0x000000076b700000, 0x000000076b700000|100%| E|CS|TAMS 0x000000076b600000, 0x000000076b600000| Complete 
|  89|0x000000076b700000, 0x000000076b800000, 0x000000076b800000|100%| E|CS|TAMS 0x000000076b700000, 0x000000076b700000| Complete 
|  90|0x000000076b800000, 0x000000076b900000, 0x000000076b900000|100%| E|CS|TAMS 0x000000076b800000, 0x000000076b800000| Complete 
|  91|0x000000076b900000, 0x000000076ba00000, 0x000000076ba00000|100%| E|CS|TAMS 0x000000076b900000, 0x000000076b900000| Complete 
|  92|0x000000076ba00000, 0x000000076bb00000, 0x000000076bb00000|100%| E|CS|TAMS 0x000000076ba00000, 0x000000076ba00000| Complete 
|  93|0x000000076bb00000, 0x000000076bc00000, 0x000000076bc00000|100%| E|CS|TAMS 0x000000076bb00000, 0x000000076bb00000| Complete 
|  94|0x000000076bc00000, 0x000000076bd00000, 0x000000076bd00000|100%| E|CS|TAMS 0x000000076bc00000, 0x000000076bc00000| Complete 
|  95|0x000000076bd00000, 0x000000076be00000, 0x000000076be00000|100%| E|CS|TAMS 0x000000076bd00000, 0x000000076bd00000| Complete 
|  96|0x000000076be00000, 0x000000076bf00000, 0x000000076bf00000|100%| E|CS|TAMS 0x000000076be00000, 0x000000076be00000| Complete 
|  97|0x000000076bf00000, 0x000000076c000000, 0x000000076c000000|100%| E|CS|TAMS 0x000000076bf00000, 0x000000076bf00000| Complete 
|  98|0x000000076c000000, 0x000000076c100000, 0x000000076c100000|100%| E|CS|TAMS 0x000000076c000000, 0x000000076c000000| Complete 
|  99|0x000000076c100000, 0x000000076c200000, 0x000000076c200000|100%| E|CS|TAMS 0x000000076c100000, 0x000000076c100000| Complete 
| 100|0x000000076c200000, 0x000000076c300000, 0x000000076c300000|100%| E|CS|TAMS 0x000000076c200000, 0x000000076c200000| Complete 
| 101|0x000000076c300000, 0x000000076c400000, 0x000000076c400000|100%| E|CS|TAMS 0x000000076c300000, 0x000000076c300000| Complete 
| 102|0x000000076c400000, 0x000000076c500000, 0x000000076c500000|100%| E|CS|TAMS 0x000000076c400000, 0x000000076c400000| Complete 
| 103|0x000000076c500000, 0x000000076c600000, 0x000000076c600000|100%| E|CS|TAMS 0x000000076c500000, 0x000000076c500000| Complete 
| 104|0x000000076c600000, 0x000000076c700000, 0x000000076c700000|100%| E|CS|TAMS 0x000000076c600000, 0x000000076c600000| Complete 
| 105|0x000000076c700000, 0x000000076c800000, 0x000000076c800000|100%| E|CS|TAMS 0x000000076c700000, 0x000000076c700000| Complete 
| 106|0x000000076c800000, 0x000000076c900000, 0x000000076c900000|100%| E|CS|TAMS 0x000000076c800000, 0x000000076c800000| Complete 
| 107|0x000000076c900000, 0x000000076ca00000, 0x000000076ca00000|100%| E|CS|TAMS 0x000000076c900000, 0x000000076c900000| Complete 
| 108|0x000000076ca00000, 0x000000076cb00000, 0x000000076cb00000|100%| E|CS|TAMS 0x000000076ca00000, 0x000000076ca00000| Complete 
| 109|0x000000076cb00000, 0x000000076cc00000, 0x000000076cc00000|100%| E|CS|TAMS 0x000000076cb00000, 0x000000076cb00000| Complete 
| 110|0x000000076cc00000, 0x000000076cd00000, 0x000000076cd00000|100%| E|CS|TAMS 0x000000076cc00000, 0x000000076cc00000| Complete 
| 111|0x000000076cd00000, 0x000000076ce00000, 0x000000076ce00000|100%| E|CS|TAMS 0x000000076cd00000, 0x000000076cd00000| Complete 
| 112|0x000000076ce00000, 0x000000076cf00000, 0x000000076cf00000|100%| E|CS|TAMS 0x000000076ce00000, 0x000000076ce00000| Complete 
| 113|0x000000076cf00000, 0x000000076d000000, 0x000000076d000000|100%| E|CS|TAMS 0x000000076cf00000, 0x000000076cf00000| Complete 
| 114|0x000000076d000000, 0x000000076d100000, 0x000000076d100000|100%| E|CS|TAMS 0x000000076d000000, 0x000000076d000000| Complete 
| 115|0x000000076d100000, 0x000000076d200000, 0x000000076d200000|100%| E|CS|TAMS 0x000000076d100000, 0x000000076d100000| Complete 
| 116|0x000000076d200000, 0x000000076d300000, 0x000000076d300000|100%| E|CS|TAMS 0x000000076d200000, 0x000000076d200000| Complete 
| 117|0x000000076d300000, 0x000000076d400000, 0x000000076d400000|100%| E|CS|TAMS 0x000000076d300000, 0x000000076d300000| Complete 
| 118|0x000000076d400000, 0x000000076d500000, 0x000000076d500000|100%| E|CS|TAMS 0x000000076d400000, 0x000000076d400000| Complete 
| 119|0x000000076d500000, 0x000000076d600000, 0x000000076d600000|100%| E|CS|TAMS 0x000000076d500000, 0x000000076d500000| Complete 
| 120|0x000000076d600000, 0x000000076d700000, 0x000000076d700000|100%| E|CS|TAMS 0x000000076d600000, 0x000000076d600000| Complete 
| 121|0x000000076d700000, 0x000000076d800000, 0x000000076d800000|100%| E|CS|TAMS 0x000000076d700000, 0x000000076d700000| Complete 
| 122|0x000000076d800000, 0x000000076d900000, 0x000000076d900000|100%| E|CS|TAMS 0x000000076d800000, 0x000000076d800000| Complete 
| 123|0x000000076d900000, 0x000000076da00000, 0x000000076da00000|100%| E|CS|TAMS 0x000000076d900000, 0x000000076d900000| Complete 
| 124|0x000000076da00000, 0x000000076db00000, 0x000000076db00000|100%| E|CS|TAMS 0x000000076da00000, 0x000000076da00000| Complete 
| 125|0x000000076db00000, 0x000000076dc00000, 0x000000076dc00000|100%| E|CS|TAMS 0x000000076db00000, 0x000000076db00000| Complete 
| 126|0x000000076dc00000, 0x000000076dd00000, 0x000000076dd00000|100%| E|CS|TAMS 0x000000076dc00000, 0x000000076dc00000| Complete 
| 127|0x000000076dd00000, 0x000000076de00000, 0x000000076de00000|100%| E|CS|TAMS 0x000000076dd00000, 0x000000076dd00000| Complete 
| 128|0x000000076de00000, 0x000000076df00000, 0x000000076df00000|100%| E|CS|TAMS 0x000000076de00000, 0x000000076de00000| Complete 
| 129|0x000000076df00000, 0x000000076e000000, 0x000000076e000000|100%| E|CS|TAMS 0x000000076df00000, 0x000000076df00000| Complete 
| 130|0x000000076e000000, 0x000000076e100000, 0x000000076e100000|100%| E|CS|TAMS 0x000000076e000000, 0x000000076e000000| Complete 
| 131|0x000000076e100000, 0x000000076e200000, 0x000000076e200000|100%| E|CS|TAMS 0x000000076e100000, 0x000000076e100000| Complete 
| 132|0x000000076e200000, 0x000000076e300000, 0x000000076e300000|100%| E|CS|TAMS 0x000000076e200000, 0x000000076e200000| Complete 
| 133|0x000000076e300000, 0x000000076e400000, 0x000000076e400000|100%| E|CS|TAMS 0x000000076e300000, 0x000000076e300000| Complete 
| 134|0x000000076e400000, 0x000000076e500000, 0x000000076e500000|100%| E|CS|TAMS 0x000000076e400000, 0x000000076e400000| Complete 
| 135|0x000000076e500000, 0x000000076e600000, 0x000000076e600000|100%| E|CS|TAMS 0x000000076e500000, 0x000000076e500000| Complete 
| 136|0x000000076e600000, 0x000000076e700000, 0x000000076e700000|100%| E|CS|TAMS 0x000000076e600000, 0x000000076e600000| Complete 
| 137|0x000000076e700000, 0x000000076e800000, 0x000000076e800000|100%| E|CS|TAMS 0x000000076e700000, 0x000000076e700000| Complete 
| 138|0x000000076e800000, 0x000000076e900000, 0x000000076e900000|100%| E|CS|TAMS 0x000000076e800000, 0x000000076e800000| Complete 
| 139|0x000000076e900000, 0x000000076ea00000, 0x000000076ea00000|100%| E|CS|TAMS 0x000000076e900000, 0x000000076e900000| Complete 
| 140|0x000000076ea00000, 0x000000076eb00000, 0x000000076eb00000|100%| E|CS|TAMS 0x000000076ea00000, 0x000000076ea00000| Complete 
| 141|0x000000076eb00000, 0x000000076ec00000, 0x000000076ec00000|100%| E|CS|TAMS 0x000000076eb00000, 0x000000076eb00000| Complete 
| 142|0x000000076ec00000, 0x000000076ed00000, 0x000000076ed00000|100%| E|CS|TAMS 0x000000076ec00000, 0x000000076ec00000| Complete 
| 143|0x000000076ed00000, 0x000000076ee00000, 0x000000076ee00000|100%| E|CS|TAMS 0x000000076ed00000, 0x000000076ed00000| Complete 
| 144|0x000000076ee00000, 0x000000076ef00000, 0x000000076ef00000|100%| E|CS|TAMS 0x000000076ee00000, 0x000000076ee00000| Complete 
| 145|0x000000076ef00000, 0x000000076f000000, 0x000000076f000000|100%| E|CS|TAMS 0x000000076ef00000, 0x000000076ef00000| Complete 
| 146|0x000000076f000000, 0x000000076f100000, 0x000000076f100000|100%| E|CS|TAMS 0x000000076f000000, 0x000000076f000000| Complete 
| 147|0x000000076f100000, 0x000000076f200000, 0x000000076f200000|100%| E|CS|TAMS 0x000000076f100000, 0x000000076f100000| Complete 
| 148|0x000000076f200000, 0x000000076f300000, 0x000000076f300000|100%| E|CS|TAMS 0x000000076f200000, 0x000000076f200000| Complete 
| 149|0x000000076f300000, 0x000000076f400000, 0x000000076f400000|100%| E|CS|TAMS 0x000000076f300000, 0x000000076f300000| Complete 
| 150|0x000000076f400000, 0x000000076f500000, 0x000000076f500000|100%| E|CS|TAMS 0x000000076f400000, 0x000000076f400000| Complete 
| 151|0x000000076f500000, 0x000000076f600000, 0x000000076f600000|100%| E|CS|TAMS 0x000000076f500000, 0x000000076f500000| Complete 
| 152|0x000000076f600000, 0x000000076f700000, 0x000000076f700000|100%| E|CS|TAMS 0x000000076f600000, 0x000000076f600000| Complete 
| 153|0x000000076f700000, 0x000000076f800000, 0x000000076f800000|100%| E|CS|TAMS 0x000000076f700000, 0x000000076f700000| Complete 
| 154|0x000000076f800000, 0x000000076f900000, 0x000000076f900000|100%| E|CS|TAMS 0x000000076f800000, 0x000000076f800000| Complete 
| 155|0x000000076f900000, 0x000000076fa00000, 0x000000076fa00000|100%| E|CS|TAMS 0x000000076f900000, 0x000000076f900000| Complete 
|1440|0x00000007bfe00000, 0x00000007bfe47000, 0x00000007bff00000| 27%|OA|  |TAMS 0x00000007bfe00000, 0x00000007bfe00000| Untracked 
|1441|0x00000007bff00000, 0x00000007bff6b000, 0x00000007c0000000| 41%|CA|  |TAMS 0x00000007bff00000, 0x00000007bff00000| Untracked 

Card table byte_map: [0x00007fa2f6d37000,0x00007fa2f7208000] _byte_map_base: 0x00007fa2f3208000

Marking Bits (Prev, Next): (CMBitMap*) 0x00007fa2f00613d8, (CMBitMap*) 0x00007fa2f0061410
 Prev Bits: [0x00007fa2f41de000, 0x00007fa2f6866000)
 Next Bits: [0x00007fa2d1978000, 0x00007fa2d4000000)

Polling page: 0x00007fa2f979f000

Metaspace:

Usage:
  Non-class:      5,29 MB capacity,     2,80 MB ( 53%) used,     2,48 MB ( 47%) free+waste,     6,62 KB ( <1%) overhead. 
      Class:    601,00 KB capacity,   352,41 KB ( 59%) used,   244,96 KB ( 41%) free+waste,     3,62 KB ( <1%) overhead. 
       Both:      5,87 MB capacity,     3,15 MB ( 54%) used,     2,72 MB ( 46%) free+waste,    10,25 KB ( <1%) overhead. 

Virtual space:
  Non-class space:        8,00 MB reserved,       5,50 MB ( 69%) committed 
      Class space:        1,00 GB reserved,     640,00 KB ( <1%) committed 
             Both:        1,01 GB reserved,       6,12 MB ( <1%) committed 

Chunk freelists:
   Non-Class:  59,00 KB
       Class:  7,00 KB
        Both:  66,00 KB

MaxMetaspaceSize: unlimited
CompressedClassSpaceSize: 1,00 GB
Initial GC threshold: 20,80 MB
Current GC threshold: 20,80 MB
CDS: on

CodeHeap 'non-profiled nmethods': size=120032Kb used=722Kb max_used=722Kb free=119309Kb
 bounds [0x00007fa2e02e6000, 0x00007fa2e0556000, 0x00007fa2e781e000]
CodeHeap 'profiled nmethods': size=120032Kb used=2612Kb max_used=2612Kb free=117419Kb
 bounds [0x00007fa2d8dae000, 0x00007fa2d903e000, 0x00007fa2e02e6000]
CodeHeap 'non-nmethods': size=5696Kb used=1116Kb max_used=1173Kb free=4579Kb
 bounds [0x00007fa2d881e000, 0x00007fa2d8a8e000, 0x00007fa2d8dae000]
 total_blobs=1463 nmethods=1095 adapters=282
 compilation: enabled
              stopped_count=0, restarted_count=0
 full_count=0

Compilation events (20 events):
Event: 2,773 Thread 0x00007fa2f014a000 1086       3       com.jeantessier.classreader.impl.Integer_info::toString (8 bytes)
Event: 2,773 Thread 0x00007fa2f014a000 nmethod 1086 0x00007fa2d903aa90 code [0x00007fa2d903ac60, 0x00007fa2d903ae20]
Event: 2,773 Thread 0x00007fa2f014a000 1087       3       java.lang.String::valueOf (5 bytes)
Event: 2,773 Thread 0x00007fa2f014a000 nmethod 1087 0x00007fa2d903af10 code [0x00007fa2d903b0c0, 0x00007fa2d903b1c0]
Event: 2,891 Thread 0x00007fa2f0148000 1088       4       java.util.Arrays::copyOf (19 bytes)
Event: 2,894 Thread 0x00007fa2f0148000 nmethod 1088 0x00007fa2e0383290 code [0x00007fa2e0383420, 0x00007fa2e0383638]
Event: 2,942 Thread 0x00007fa2f0148000 1089       4       com.jeantessier.classreader.impl.Classfile::<init> (866 bytes)
Event: 2,963 Thread 0x00007fa2f014a000 1092       1       com.jeantessier.classreader.impl.EnclosingMethod_attribute::getMethodIndex (5 bytes)
Event: 2,963 Thread 0x00007fa2f014a000 nmethod 1092 0x00007fa2e0383710 code [0x00007fa2e03838c0, 0x00007fa2e0383990]
Event: 3,368 Thread 0x00007fa2f0148000 nmethod 1089 0x00007fa2e0383a10 code [0x00007fa2e0384620, 0x00007fa2e038f9a8]
Event: 3,368 Thread 0x00007fa2f0148000 1090  s!   4       org.apache.oro.text.perl.Perl5Util::substitute (787 bytes)
Event: 3,377 Thread 0x00007fa2f0148000 nmethod 1090 0x00007fa2e0394f10 code [0x00007fa2e0395100, 0x00007fa2e0395ce8]
Event: 3,377 Thread 0x00007fa2f0148000 1091       4       org.apache.oro.text.regex.PatternMatcherInput::setInput (44 bytes)
Event: 3,380 Thread 0x00007fa2f0148000 nmethod 1091 0x00007fa2e0396290 code [0x00007fa2e0396440, 0x00007fa2e0396918]
Event: 3,380 Thread 0x00007fa2f0148000 1093       4       com.jeantessier.classreader.ClassNameHelper::convertClassName (84 bytes)
Event: 3,407 Thread 0x00007fa2f0148000 nmethod 1093 0x00007fa2e0396a90 code [0x00007fa2e0396d20, 0x00007fa2e0398a80]
Event: 3,407 Thread 0x00007fa2f0148000 1094       4       java.io.File::isDirectory (43 bytes)
Event: 3,421 Thread 0x00007fa2f0148000 nmethod 1094 0x00007fa2e0399390 code [0x00007fa2e0399580, 0x00007fa2e0399f68]
Event: 3,448 Thread 0x00007fa2f0148000 1095       4       java.lang.AbstractStringBuilder::newCapacity (55 bytes)
Event: 3,449 Thread 0x00007fa2f0148000 nmethod 1095 0x00007fa2e039a590 code [0x00007fa2e039a720, 0x00007fa2e039a818]

GC Heap History (9 events):
Event: 0,455 GC heap before
{Heap before GC invocations=0 (full 0):
 garbage-first heap   total 161792K, used 15048K [0x0000000765e00000, 0x0000000800000000)
  region size 1024K, 14 young (14336K), 0 survivors (0K)
 Metaspace       used 3038K, capacity 5886K, committed 6016K, reserved 1056768K
  class space    used 352K, capacity 601K, committed 640K, reserved 1048576K
}
Event: 0,463 GC heap after
{Heap after GC invocations=1 (full 0):
 garbage-first heap   total 161792K, used 2954K [0x0000000765e00000, 0x0000000800000000)
  region size 1024K, 2 young (2048K), 2 survivors (2048K)
 Metaspace       used 3038K, capacity 5886K, committed 6016K, reserved 1056768K
  class space    used 352K, capacity 601K, committed 640K, reserved 1048576K
}
Event: 1,418 GC heap before
{Heap before GC invocations=1 (full 0):
 garbage-first heap   total 161792K, used 96138K [0x0000000765e00000, 0x0000000800000000)
  region size 1024K, 93 young (95232K), 2 survivors (2048K)
 Metaspace       used 3174K, capacity 5950K, committed 6272K, reserved 1056768K
  class space    used 352K, capacity 601K, committed 640K, reserved 1048576K
}
Event: 1,436 GC heap after
{Heap after GC invocations=2 (full 0):
 garbage-first heap   total 161792K, used 10106K [0x0000000765e00000, 0x0000000800000000)
  region size 1024K, 9 young (9216K), 9 survivors (9216K)
 Metaspace       used 3174K, capacity 5950K, committed 6272K, reserved 1056768K
  class space    used 352K, capacity 601K, committed 640K, reserved 1048576K
}
Event: 1,985 GC heap before
{Heap before GC invocations=2 (full 0):
 garbage-first heap   total 161792K, used 85882K [0x0000000765e00000, 0x0000000800000000)
  region size 1024K, 83 young (84992K), 9 survivors (9216K)
 Metaspace       used 3187K, capacity 5950K, committed 6272K, reserved 1056768K
  class space    used 352K, capacity 601K, committed 640K, reserved 1048576K
}
Event: 2,012 GC heap after
{Heap after GC invocations=3 (full 0):
 garbage-first heap   total 161792K, used 16693K [0x0000000765e00000, 0x0000000800000000)
  region size 1024K, 7 young (7168K), 7 survivors (7168K)
 Metaspace       used 3187K, capacity 5950K, committed 6272K, reserved 1056768K
  class space    used 352K, capacity 601K, committed 640K, reserved 1048576K
}
Event: 2,698 GC heap before
{Heap before GC invocations=3 (full 0):
 garbage-first heap   total 161792K, used 96565K [0x0000000765e00000, 0x0000000800000000)
  region size 1024K, 86 young (88064K), 7 survivors (7168K)
 Metaspace       used 3221K, capacity 6014K, committed 6272K, reserved 1056768K
  class space    used 352K, capacity 601K, committed 640K, reserved 1048576K
}
Event: 2,716 GC heap after
{Heap after GC invocations=4 (full 0):
 garbage-first heap   total 161792K, used 24936K [0x0000000765e00000, 0x0000000800000000)
  region size 1024K, 8 young (8192K), 8 survivors (8192K)
 Metaspace       used 3221K, capacity 6014K, committed 6272K, reserved 1056768K
  class space    used 352K, capacity 601K, committed 640K, reserved 1048576K
}
Event: 3,468 GC heap before
{Heap before GC invocations=4 (full 0):
 garbage-first heap   total 161792K, used 111976K [0x0000000765e00000, 0x0000000800000000)
  region size 1024K, 93 young (95232K), 8 survivors (8192K)
 Metaspace       used 3222K, capacity 6014K, committed 6272K, reserved 1056768K
  class space    used 352K, capacity 601K, committed 640K, reserved 1048576K
}

Deoptimization events (20 events):
Event: 0,525 Thread 0x00007fa2f0017800 DEOPT PACKING pc=0x00007fa2e0324a8c sp=0x00007fa2f7f59240
Event: 0,525 Thread 0x00007fa2f0017800 DEOPT UNPACKING pc=0x00007fa2d8867ea5 sp=0x00007fa2f7f590d0 mode 2
Event: 1,268 Thread 0x00007fa2f0017800 Uncommon trap: trap_request=0xffffff4d fr.pc=0x00007fa2e032c68c relative=0x0000000000000eec
Event: 1,268 Thread 0x00007fa2f0017800 Uncommon trap: reason=unstable_if action=reinterpret pc=0x00007fa2e032c68c method=java.io.DataInputStream.readUTF(Ljava/io/DataInput;)Ljava/lang/String; @ 154 c2
Event: 1,268 Thread 0x00007fa2f0017800 DEOPT PACKING pc=0x00007fa2e032c68c sp=0x00007fa2f7f58c60
Event: 1,268 Thread 0x00007fa2f0017800 DEOPT UNPACKING pc=0x00007fa2d8867ea5 sp=0x00007fa2f7f58c08 mode 2
Event: 1,581 Thread 0x00007fa2f0017800 Uncommon trap: trap_request=0xffffff4d fr.pc=0x00007fa2e031f6a4 relative=0x0000000000000084
Event: 1,581 Thread 0x00007fa2f0017800 Uncommon trap: reason=unstable_if action=reinterpret pc=0x00007fa2e031f6a4 method=java.lang.Integer.stringSize(I)I @ 19 c2
Event: 1,581 Thread 0x00007fa2f0017800 DEOPT PACKING pc=0x00007fa2e031f6a4 sp=0x00007fa2f7f58c90
Event: 1,581 Thread 0x00007fa2f0017800 DEOPT UNPACKING pc=0x00007fa2d8867ea5 sp=0x00007fa2f7f58c30 mode 2
Event: 1,667 Thread 0x00007fa2f0017800 Uncommon trap: trap_request=0xffffff76 fr.pc=0x00007fa2e0360b1c relative=0x0000000000000a9c
Event: 1,667 Thread 0x00007fa2f0017800 Uncommon trap: reason=loop_limit_check action=maybe_recompile pc=0x00007fa2e0360b1c method=org.apache.oro.text.regex.Util.substitute(Ljava/lang/StringBuffer;Lorg/apache/oro/text/regex/PatternMatcher;Lorg/apache/oro/text/regex/Pattern;Lorg/apache/oro/text/
Event: 1,667 Thread 0x00007fa2f0017800 DEOPT PACKING pc=0x00007fa2e0360b1c sp=0x00007fa2f7f58910
Event: 1,667 Thread 0x00007fa2f0017800 DEOPT UNPACKING pc=0x00007fa2d8867ea5 sp=0x00007fa2f7f588f8 mode 2
Event: 2,254 Thread 0x00007fa2f0017800 Uncommon trap: trap_request=0xffffff4d fr.pc=0x00007fa2e03405b8 relative=0x0000000000000478
Event: 2,254 Thread 0x00007fa2f0017800 Uncommon trap: reason=unstable_if action=reinterpret pc=0x00007fa2e03405b8 method=java.lang.String.substring(I)Ljava/lang/String; @ 34 c2
Event: 2,254 Thread 0x00007fa2f0017800 DEOPT PACKING pc=0x00007fa2e03405b8 sp=0x00007fa2f7f58d00
Event: 2,254 Thread 0x00007fa2f0017800 DEOPT UNPACKING pc=0x00007fa2d8867ea5 sp=0x00007fa2f7f58cc8 mode 2
Event: 2,587 Thread 0x00007fa2f0017800 DEOPT PACKING pc=0x00007fa2d8fab07d sp=0x00007fa2f7f58de0
Event: 2,587 Thread 0x00007fa2f0017800 DEOPT UNPACKING pc=0x00007fa2d886864a sp=0x00007fa2f7f584d8 mode 0

Classes redefined (0 events):
No events

Internal exceptions (12 events):
Event: 0,119 Thread 0x00007fa2f0017800 Exception <a 'java/security/PrivilegedActionException'{0x000000076f7378d0}> (0x000000076f7378d0) thrown at [src/hotspot/share/prims/jvm.cpp, line 1304]
Event: 0,119 Thread 0x00007fa2f0017800 Exception <a 'java/security/PrivilegedActionException'{0x000000076f737ba0}> (0x000000076f737ba0) thrown at [src/hotspot/share/prims/jvm.cpp, line 1304]
Event: 0,195 Thread 0x00007fa2f0017800 Exception <a 'java/lang/NoSuchMethodError'{0x000000076f6b3688}: 'java.lang.Object java.lang.invoke.DirectMethodHandle$Holder.invokeStatic(java.lang.Object, java.lang.Object, java.lang.Object, java.lang.Object, java.lang.Object, java.lang.Object, java.lang.Object, java.lang.Object, java.lang.Object, java.lang.Object, java.lang.Object, int)'> (0x000000076f6b3688) thrown at [src/hotspot/share/interpreter/linkResolver.cpp, line 772]
Event: 0,201 Thread 0x00007fa2f0017800 Exception <a 'java/lang/NoSuchMethodError'{0x000000076f6d2b00}: 'java.lang.Object java.lang.invoke.DirectMethodHandle$Holder.invokeStatic(java.lang.Object, java.lang.Object, java.lang.Object, java.lang.Object, java.lang.Object, java.lang.Object, java.lang.Object, java.lang.Object, java.lang.Object, java.lang.Object, java.lang.Object, int, int)'> (0x000000076f6d2b00) thrown at [src/hotspot/share/interpreter/linkResolver.cpp, line 772]
Event: 0,207 Thread 0x00007fa2f0017800 Exception <a 'java/lang/NoSuchMethodError'{0x000000076f6f20f0}: 'java.lang.Object java.lang.invoke.DirectMethodHandle$Holder.invokeStatic(java.lang.Object, java.lang.Object, java.lang.Object, java.lang.Object, java.lang.Object, java.lang.Object, java.lang.Object, java.lang.Object, java.lang.Object, java.lang.Object, java.lang.Object, int, int, java.lang.Object)'> (0x000000076f6f20f0) thrown at [src/hotspot/share/interpreter/linkResolver.cpp, line 772]
Event: 0,212 Thread 0x00007fa2f0017800 Exception <a 'java/lang/NoSuchMethodError'{0x000000076f512dc0}: 'java.lang.Object java.lang.invoke.DirectMethodHandle$Holder.invokeStatic(java.lang.Object, java.lang.Object, java.lang.Object, java.lang.Object, java.lang.Object, java.lang.Object, java.lang.Object, java.lang.Object, java.lang.Object, java.lang.Object, java.lang.Object, int, int, java.lang.Object, java.lang.Object)'> (0x000000076f512dc0) thrown at [src/hotspot/share/interpreter/linkResolver.cpp, line 772]
Event: 0,215 Thread 0x00007fa2f0017800 Exception <a 'java/lang/ClassNotFoundException'{0x000000076f521a60}: org/apache/log4j/PatternLayoutBeanInfo> (0x000000076f521a60) thrown at [src/hotspot/share/classfile/systemDictionary.cpp, line 230]
Event: 0,216 Thread 0x00007fa2f0017800 Exception <a 'java/lang/ClassNotFoundException'{0x000000076f524a30}: org/apache/log4j/LayoutBeanInfo> (0x000000076f524a30) thrown at [src/hotspot/share/classfile/systemDictionary.cpp, line 230]
Event: 0,216 Thread 0x00007fa2f0017800 Exception <a 'java/lang/ClassNotFoundException'{0x000000076f5254c8}: java/lang/ObjectBeanInfo> (0x000000076f5254c8) thrown at [src/hotspot/share/classfile/systemDictionary.cpp, line 230]
Event: 0,229 Thread 0x00007fa2f0017800 Exception <a 'java/lang/ClassNotFoundException'{0x000000076f55f680}: java/lang/ObjectCustomizer> (0x000000076f55f680) thrown at [src/hotspot/share/classfile/systemDictionary.cpp, line 230]
Event: 0,237 Thread 0x00007fa2f0017800 Exception <a 'java/lang/ClassNotFoundException'{0x000000076f573038}: org/apache/log4j/LayoutCustomizer> (0x000000076f573038) thrown at [src/hotspot/share/classfile/systemDictionary.cpp, line 230]
Event: 0,240 Thread 0x00007fa2f0017800 Exception <a 'java/lang/ClassNotFoundException'{0x000000076f583818}: org/apache/log4j/PatternLayoutCustomizer> (0x000000076f583818) thrown at [src/hotspot/share/classfile/systemDictionary.cpp, line 230]

Events (20 events):
Event: 0,465 Executing VM operation: RevokeBias
Event: 0,465 Executing VM operation: RevokeBias done
Event: 0,465 Executing VM operation: RevokeBias
Event: 0,465 Executing VM operation: RevokeBias done
Event: 0,465 Executing VM operation: RevokeBias
Event: 0,465 Executing VM operation: RevokeBias done
Event: 0,465 Executing VM operation: RevokeBias
Event: 0,465 Executing VM operation: RevokeBias done
Event: 0,465 Executing VM operation: RevokeBias
Event: 0,465 Executing VM operation: RevokeBias done
Event: 0,831 Loaded shared library /usr/lib/jvm/java-11-openjdk-amd64/lib/libzip.so
Event: 0,854 Loaded shared library /usr/lib/jvm/java-11-openjdk-amd64/lib/libzip.so
Event: 1,418 Executing VM operation: G1CollectForAllocation
Event: 1,436 Executing VM operation: G1CollectForAllocation done
Event: 1,984 Executing VM operation: G1CollectForAllocation
Event: 2,012 Executing VM operation: G1CollectForAllocation done
Event: 2,246 Loaded shared library /usr/lib/jvm/java-11-openjdk-amd64/lib/libzip.so
Event: 2,697 Executing VM operation: G1CollectForAllocation
Event: 2,716 Executing VM operation: G1CollectForAllocation done
Event: 3,468 Executing VM operation: G1CollectForAllocation


Dynamic libraries:
765e00000-76fa00000 rw-p 00000000 00:00 0 
76fa00000-7bfe00000 ---p 00000000 00:00 0 
7bfe00000-7bfe47000 rw-p 01119000 08:17 3145779                          /usr/lib/jvm/java-11-openjdk-amd64/lib/server/classes.jsa
7bfe47000-7bff00000 rw-p 00000000 00:00 0 
7bff00000-7bff6b000 rw-p 010ae000 08:17 3145779                          /usr/lib/jvm/java-11-openjdk-amd64/lib/server/classes.jsa
7bff6b000-7c0000000 rw-p 00000000 00:00 0 
7c0000000-800000000 ---p 00000000 00:00 0 
800000000-800002000 rwxp 00001000 08:17 3145779                          /usr/lib/jvm/java-11-openjdk-amd64/lib/server/classes.jsa
800002000-8003cb000 rw-p 00003000 08:17 3145779                          /usr/lib/jvm/java-11-openjdk-amd64/lib/server/classes.jsa
8003cb000-800a9a000 r--p 003cc000 08:17 3145779                          /usr/lib/jvm/java-11-openjdk-amd64/lib/server/classes.jsa
800a9a000-800a9b000 rw-p 00a9b000 08:17 3145779                          /usr/lib/jvm/java-11-openjdk-amd64/lib/server/classes.jsa
800a9b000-8010ad000 r--p 00a9c000 08:17 3145779                          /usr/lib/jvm/java-11-openjdk-amd64/lib/server/classes.jsa
840000000-8400a0000 rw-p 00000000 00:00 0 
8400a0000-880000000 ---p 00000000 00:00 0 
561f05759000-561f0575a000 r--p 00000000 08:17 3147077                    /usr/lib/jvm/java-11-openjdk-amd64/bin/java
561f0575a000-561f0575b000 r-xp 00001000 08:17 3147077                    /usr/lib/jvm/java-11-openjdk-amd64/bin/java
561f0575b000-561f0575c000 r--p 00002000 08:17 3147077                    /usr/lib/jvm/java-11-openjdk-amd64/bin/java
561f0575c000-561f0575d000 r--p 00002000 08:17 3147077                    /usr/lib/jvm/java-11-openjdk-amd64/bin/java
561f0575d000-561f0575e000 rw-p 00003000 08:17 3147077                    /usr/lib/jvm/java-11-openjdk-amd64/bin/java
561f06929000-561f0694a000 rw-p 00000000 00:00 0                          [heap]
7fa288000000-7fa288021000 rw-p 00000000 00:00 0 
7fa288021000-7fa28c000000 ---p 00000000 00:00 0 
7fa290000000-7fa290021000 rw-p 00000000 00:00 0 
7fa290021000-7fa294000000 ---p 00000000 00:00 0 
7fa294000000-7fa294021000 rw-p 00000000 00:00 0 
7fa294021000-7fa298000000 ---p 00000000 00:00 0 
7fa298000000-7fa298021000 rw-p 00000000 00:00 0 
7fa298021000-7fa29c000000 ---p 00000000 00:00 0 
7fa29c000000-7fa29c021000 rw-p 00000000 00:00 0 
7fa29c021000-7fa2a0000000 ---p 00000000 00:00 0 
7fa2a0000000-7fa2a1d0c000 rw-p 00000000 00:00 0 
7fa2a1d0c000-7fa2a4000000 ---p 00000000 00:00 0 
7fa2a4000000-7fa2a457d000 rw-p 00000000 00:00 0 
7fa2a457d000-7fa2a8000000 ---p 00000000 00:00 0 
7fa2a8000000-7fa2a8021000 rw-p 00000000 00:00 0 
7fa2a8021000-7fa2ac000000 ---p 00000000 00:00 0 
7fa2ac000000-7fa2ac021000 rw-p 00000000 00:00 0 
7fa2ac021000-7fa2b0000000 ---p 00000000 00:00 0 
7fa2b0000000-7fa2b0021000 rw-p 00000000 00:00 0 
7fa2b0021000-7fa2b4000000 ---p 00000000 00:00 0 
7fa2b4000000-7fa2b4021000 rw-p 00000000 00:00 0 
7fa2b4021000-7fa2b8000000 ---p 00000000 00:00 0 
7fa2b8000000-7fa2b8021000 rw-p 00000000 00:00 0 
7fa2b8021000-7fa2bc000000 ---p 00000000 00:00 0 
7fa2bc000000-7fa2bc021000 rw-p 00000000 00:00 0 
7fa2bc021000-7fa2c0000000 ---p 00000000 00:00 0 
7fa2c0000000-7fa2c0021000 rw-p 00000000 00:00 0 
7fa2c0021000-7fa2c4000000 ---p 00000000 00:00 0 
7fa2c4000000-7fa2c4021000 rw-p 00000000 00:00 0 
7fa2c4021000-7fa2c8000000 ---p 00000000 00:00 0 
7fa2c9efe000-7fa2c9eff000 ---p 00000000 00:00 0 
7fa2c9eff000-7fa2cc000000 rw-p 00000000 00:00 0 
7fa2cc000000-7fa2cc021000 rw-p 00000000 00:00 0 
7fa2cc021000-7fa2d0000000 ---p 00000000 00:00 0 
7fa2d00c8000-7fa2d00c9000 ---p 00000000 00:00 0 
7fa2d00c9000-7fa2d01fb000 rw-p 00000000 00:00 0 
7fa2d01fb000-7fa2d01ff000 ---p 00000000 00:00 0 
7fa2d01ff000-7fa2d02fc000 rw-p 00000000 00:00 0 
7fa2d02fc000-7fa2d02fd000 ---p 00000000 00:00 0 
7fa2d02fd000-7fa2d03fe000 rw-p 00000000 00:00 0 
7fa2d03fe000-7fa2d0402000 ---p 00000000 00:00 0 
7fa2d0402000-7fa2d04ff000 rw-p 00000000 00:00 0 
7fa2d04ff000-7fa2d0503000 ---p 00000000 00:00 0 
7fa2d0503000-7fa2d0600000 rw-p 00000000 00:00 0 
7fa2d0600000-7fa2d0604000 ---p 00000000 00:00 0 
7fa2d0604000-7fa2d0701000 rw-p 00000000 00:00 0 
7fa2d0701000-7fa2d0705000 ---p 00000000 00:00 0 
7fa2d0705000-7fa2d0802000 rw-p 00000000 00:00 0 
7fa2d0802000-7fa2d0806000 ---p 00000000 00:00 0 
7fa2d0806000-7fa2d0903000 rw-p 00000000 00:00 0 
7fa2d0903000-7fa2d0e74000 r--p 00000000 08:17 3145860                    /usr/lib/locale/locale-archive
7fa2d0e74000-7fa2d0e78000 ---p 00000000 00:00 0 
7fa2d0e78000-7fa2d0f75000 rw-p 00000000 00:00 0 
7fa2d0f75000-7fa2d0f79000 ---p 00000000 00:00 0 
7fa2d0f79000-7fa2d1076000 rw-p 00000000 00:00 0 
7fa2d1076000-7fa2d1077000 ---p 00000000 00:00 0 
7fa2d1077000-7fa2d16f8000 rw-p 00000000 00:00 0 
7fa2d16f8000-7fa2d1978000 ---p 00000000 00:00 0 
7fa2d1978000-7fa2d1be8000 rw-p 00000000 00:00 0 
7fa2d1be8000-7fa2d2ff8000 ---p 00000000 00:00 0 
7fa2d2ff8000-7fa2d3000000 rw-p 00000000 00:00 0 
7fa2d3000000-7fa2d4000000 ---p 00000000 00:00 0 
7fa2d4000000-7fa2d4021000 rw-p 00000000 00:00 0 
7fa2d4021000-7fa2d8000000 ---p 00000000 00:00 0 
7fa2d8020000-7fa2d8024000 r--p 00000000 08:17 3155090                    /usr/lib/jvm/java-11-openjdk-amd64/lib/libnet.so
7fa2d8024000-7fa2d8032000 r-xp 00004000 08:17 3155090                    /usr/lib/jvm/java-11-openjdk-amd64/lib/libnet.so
7fa2d8032000-7fa2d8036000 r--p 00012000 08:17 3155090                    /usr/lib/jvm/java-11-openjdk-amd64/lib/libnet.so
7fa2d8036000-7fa2d8037000 r--p 00015000 08:17 3155090                    /usr/lib/jvm/java-11-openjdk-amd64/lib/libnet.so
7fa2d8037000-7fa2d8038000 rw-p 00016000 08:17 3155090                    /usr/lib/jvm/java-11-openjdk-amd64/lib/libnet.so
7fa2d8038000-7fa2d8114000 rw-p 00000000 00:00 0 
7fa2d8114000-7fa2d8115000 ---p 00000000 00:00 0 
7fa2d8115000-7fa2d8216000 rw-p 00000000 00:00 0 
7fa2d8216000-7fa2d8217000 ---p 00000000 00:00 0 
7fa2d8217000-7fa2d871c000 rw-p 00000000 00:00 0 
7fa2d871c000-7fa2d871d000 ---p 00000000 00:00 0 
7fa2d871d000-7fa2d881e000 rw-p 00000000 00:00 0 
7fa2d881e000-7fa2d8a8e000 rwxp 00000000 00:00 0 
7fa2d8a8e000-7fa2d8dae000 ---p 00000000 00:00 0 
7fa2d8dae000-7fa2d903e000 rwxp 00000000 00:00 0 
7fa2d903e000-7fa2e02e6000 ---p 00000000 00:00 0 
7fa2e02e6000-7fa2e0556000 rwxp 00000000 00:00 0 
7fa2e0556000-7fa2e781e000 ---p 00000000 00:00 0 
7fa2e781e000-7fa2f0000000 r--s 00000000 08:17 3155547                    /usr/lib/jvm/java-11-openjdk-amd64/lib/modules
7fa2f0000000-7fa2f0322000 rw-p 00000000 00:00 0 
7fa2f0322000-7fa2f4000000 ---p 00000000 00:00 0 
7fa2f4005000-7fa2f400c000 r--s 00000000 08:17 3422165                    /usr/lib/x86_64-linux-gnu/gconv/gconv-modules.cache
7fa2f400c000-7fa2f4013000 r--p 00000000 08:17 3155094                    /usr/lib/jvm/java-11-openjdk-amd64/lib/libnio.so
7fa2f4013000-7fa2f401b000 r-xp 00007000 08:17 3155094                    /usr/lib/jvm/java-11-openjdk-amd64/lib/libnio.so
7fa2f401b000-7fa2f401e000 r--p 0000f000 08:17 3155094                    /usr/lib/jvm/java-11-openjdk-amd64/lib/libnio.so
7fa2f401e000-7fa2f401f000 r--p 00011000 08:17 3155094                    /usr/lib/jvm/java-11-openjdk-amd64/lib/libnio.so
7fa2f401f000-7fa2f4020000 rw-p 00012000 08:17 3155094                    /usr/lib/jvm/java-11-openjdk-amd64/lib/libnio.so
7fa2f4020000-7fa2f408a000 rw-p 00000000 00:00 0 
7fa2f408a000-7fa2f408b000 ---p 00000000 00:00 0 
7fa2f408b000-7fa2f444e000 rw-p 00000000 00:00 0 
7fa2f444e000-7fa2f585e000 ---p 00000000 00:00 0 
7fa2f585e000-7fa2f5866000 rw-p 00000000 00:00 0 
7fa2f5866000-7fa2f6866000 ---p 00000000 00:00 0 
7fa2f6866000-7fa2f68b4000 rw-p 00000000 00:00 0 
7fa2f68b4000-7fa2f6b36000 ---p 00000000 00:00 0 
7fa2f6b36000-7fa2f6b37000 rw-p 00000000 00:00 0 
7fa2f6b37000-7fa2f6d37000 ---p 00000000 00:00 0 
7fa2f6d37000-7fa2f6d85000 rw-p 00000000 00:00 0 
7fa2f6d85000-7fa2f7007000 ---p 00000000 00:00 0 
7fa2f7007000-7fa2f7008000 rw-p 00000000 00:00 0 
7fa2f7008000-7fa2f7208000 ---p 00000000 00:00 0 
7fa2f7208000-7fa2f7256000 rw-p 00000000 00:00 0 
7fa2f7256000-7fa2f74d8000 ---p 00000000 00:00 0 
7fa2f74d8000-7fa2f74d9000 rw-p 00000000 00:00 0 
7fa2f74d9000-7fa2f76d9000 ---p 00000000 00:00 0 
7fa2f76d9000-7fa2f7add000 rw-p 00000000 00:00 0 
7fa2f7add000-7fa2f7ade000 ---p 00000000 00:00 0 
7fa2f7ade000-7fa2f7be4000 rw-p 00000000 00:00 0 
7fa2f7be4000-7fa2f7cca000 ---p 00000000 00:00 0 
7fa2f7cca000-7fa2f7cd0000 rw-p 00000000 00:00 0 
7fa2f7cd0000-7fa2f7db5000 ---p 00000000 00:00 0 
7fa2f7db5000-7fa2f7db8000 r--p 00000000 08:17 525781                     /lib/x86_64-linux-gnu/libnss_files-2.31.so
7fa2f7db8000-7fa2f7dbf000 r-xp 00003000 08:17 525781                     /lib/x86_64-linux-gnu/libnss_files-2.31.so
7fa2f7dbf000-7fa2f7dc1000 r--p 0000a000 08:17 525781                     /lib/x86_64-linux-gnu/libnss_files-2.31.so
7fa2f7dc1000-7fa2f7dc2000 r--p 0000b000 08:17 525781                     /lib/x86_64-linux-gnu/libnss_files-2.31.so
7fa2f7dc2000-7fa2f7dc3000 rw-p 0000c000 08:17 525781                     /lib/x86_64-linux-gnu/libnss_files-2.31.so
7fa2f7dc3000-7fa2f7dc9000 rw-p 00000000 00:00 0 
7fa2f7dc9000-7fa2f7dcd000 r--p 00000000 08:17 525778                     /lib/x86_64-linux-gnu/libnsl-2.31.so
7fa2f7dcd000-7fa2f7ddd000 r-xp 00004000 08:17 525778                     /lib/x86_64-linux-gnu/libnsl-2.31.so
7fa2f7ddd000-7fa2f7de2000 r--p 00014000 08:17 525778                     /lib/x86_64-linux-gnu/libnsl-2.31.so
7fa2f7de2000-7fa2f7de3000 r--p 00018000 08:17 525778                     /lib/x86_64-linux-gnu/libnsl-2.31.so
7fa2f7de3000-7fa2f7de4000 rw-p 00019000 08:17 525778                     /lib/x86_64-linux-gnu/libnsl-2.31.so
7fa2f7de4000-7fa2f7de6000 rw-p 00000000 00:00 0 
7fa2f7de6000-7fa2f7de8000 r--p 00000000 08:17 525785                     /lib/x86_64-linux-gnu/libnss_nis-2.31.so
7fa2f7de8000-7fa2f7df0000 r-xp 00002000 08:17 525785                     /lib/x86_64-linux-gnu/libnss_nis-2.31.so
7fa2f7df0000-7fa2f7df2000 r--p 0000a000 08:17 525785                     /lib/x86_64-linux-gnu/libnss_nis-2.31.so
7fa2f7df2000-7fa2f7df3000 r--p 0000b000 08:17 525785                     /lib/x86_64-linux-gnu/libnss_nis-2.31.so
7fa2f7df3000-7fa2f7df4000 rw-p 0000c000 08:17 525785                     /lib/x86_64-linux-gnu/libnss_nis-2.31.so
7fa2f7df4000-7fa2f7df6000 r--p 00000000 08:17 525779                     /lib/x86_64-linux-gnu/libnss_compat-2.31.so
7fa2f7df6000-7fa2f7dfd000 r-xp 00002000 08:17 525779                     /lib/x86_64-linux-gnu/libnss_compat-2.31.so
7fa2f7dfd000-7fa2f7dfe000 r--p 00009000 08:17 525779                     /lib/x86_64-linux-gnu/libnss_compat-2.31.so
7fa2f7dfe000-7fa2f7dff000 r--p 00009000 08:17 525779                     /lib/x86_64-linux-gnu/libnss_compat-2.31.so
7fa2f7dff000-7fa2f7e00000 rw-p 0000a000 08:17 525779                     /lib/x86_64-linux-gnu/libnss_compat-2.31.so
7fa2f7e03000-7fa2f7e08000 rw-p 00000000 00:00 0 
7fa2f7e08000-7fa2f7e0f000 ---p 00000000 00:00 0 
7fa2f7e0f000-7fa2f7e11000 r--p 00000000 08:17 3155237                    /usr/lib/jvm/java-11-openjdk-amd64/lib/libzip.so
7fa2f7e11000-7fa2f7e16000 r-xp 00002000 08:17 3155237                    /usr/lib/jvm/java-11-openjdk-amd64/lib/libzip.so
7fa2f7e16000-7fa2f7e18000 r--p 00007000 08:17 3155237                    /usr/lib/jvm/java-11-openjdk-amd64/lib/libzip.so
7fa2f7e18000-7fa2f7e19000 r--p 00008000 08:17 3155237                    /usr/lib/jvm/java-11-openjdk-amd64/lib/libzip.so
7fa2f7e19000-7fa2f7e1a000 rw-p 00009000 08:17 3155237                    /usr/lib/jvm/java-11-openjdk-amd64/lib/libzip.so
7fa2f7e1a000-7fa2f7e22000 rw-s 00000000 08:17 6046782                    /tmp/hsperfdata_luccasparoni/26979
7fa2f7e22000-7fa2f7e30000 r--p 00000000 08:17 3149506                    /usr/lib/jvm/java-11-openjdk-amd64/lib/libjava.so
7fa2f7e30000-7fa2f7e46000 r-xp 0000e000 08:17 3149506                    /usr/lib/jvm/java-11-openjdk-amd64/lib/libjava.so
7fa2f7e46000-7fa2f7e4d000 r--p 00024000 08:17 3149506                    /usr/lib/jvm/java-11-openjdk-amd64/lib/libjava.so
7fa2f7e4d000-7fa2f7e4e000 r--p 0002a000 08:17 3149506                    /usr/lib/jvm/java-11-openjdk-amd64/lib/libjava.so
7fa2f7e4e000-7fa2f7e4f000 rw-p 0002b000 08:17 3149506                    /usr/lib/jvm/java-11-openjdk-amd64/lib/libjava.so
7fa2f7e4f000-7fa2f7e50000 rw-p 00000000 00:00 0 
7fa2f7e50000-7fa2f7e52000 r--p 00000000 08:17 525923                     /lib/x86_64-linux-gnu/librt-2.31.so
7fa2f7e52000-7fa2f7e56000 r-xp 00002000 08:17 525923                     /lib/x86_64-linux-gnu/librt-2.31.so
7fa2f7e56000-7fa2f7e58000 r--p 00006000 08:17 525923                     /lib/x86_64-linux-gnu/librt-2.31.so
7fa2f7e58000-7fa2f7e59000 r--p 00007000 08:17 525923                     /lib/x86_64-linux-gnu/librt-2.31.so
7fa2f7e59000-7fa2f7e5a000 rw-p 00008000 08:17 525923                     /lib/x86_64-linux-gnu/librt-2.31.so
7fa2f7e5a000-7fa2f7e5e000 ---p 00000000 00:00 0 
7fa2f7e5e000-7fa2f7f5b000 rw-p 00000000 00:00 0 
7fa2f7f5b000-7fa2f7f5e000 r--p 00000000 08:17 524519                     /lib/x86_64-linux-gnu/libgcc_s.so.1
7fa2f7f5e000-7fa2f7f70000 r-xp 00003000 08:17 524519                     /lib/x86_64-linux-gnu/libgcc_s.so.1
7fa2f7f70000-7fa2f7f74000 r--p 00015000 08:17 524519                     /lib/x86_64-linux-gnu/libgcc_s.so.1
7fa2f7f74000-7fa2f7f75000 r--p 00018000 08:17 524519                     /lib/x86_64-linux-gnu/libgcc_s.so.1
7fa2f7f75000-7fa2f7f76000 rw-p 00019000 08:17 524519                     /lib/x86_64-linux-gnu/libgcc_s.so.1
7fa2f7f76000-7fa2f7f83000 r--p 00000000 08:17 525775                     /lib/x86_64-linux-gnu/libm-2.31.so
7fa2f7f83000-7fa2f802a000 r-xp 0000d000 08:17 525775                     /lib/x86_64-linux-gnu/libm-2.31.so
7fa2f802a000-7fa2f80c3000 r--p 000b4000 08:17 525775                     /lib/x86_64-linux-gnu/libm-2.31.so
7fa2f80c3000-7fa2f80c4000 r--p 0014c000 08:17 525775                     /lib/x86_64-linux-gnu/libm-2.31.so
7fa2f80c4000-7fa2f80c5000 rw-p 0014d000 08:17 525775                     /lib/x86_64-linux-gnu/libm-2.31.so
7fa2f80c5000-7fa2f815b000 r--p 00000000 08:17 3146115                    /usr/lib/x86_64-linux-gnu/libstdc++.so.6.0.28
7fa2f815b000-7fa2f824c000 r-xp 00096000 08:17 3146115                    /usr/lib/x86_64-linux-gnu/libstdc++.so.6.0.28
7fa2f824c000-7fa2f8295000 r--p 00187000 08:17 3146115                    /usr/lib/x86_64-linux-gnu/libstdc++.so.6.0.28
7fa2f8295000-7fa2f8296000 ---p 001d0000 08:17 3146115                    /usr/lib/x86_64-linux-gnu/libstdc++.so.6.0.28
7fa2f8296000-7fa2f82a1000 r--p 001d0000 08:17 3146115                    /usr/lib/x86_64-linux-gnu/libstdc++.so.6.0.28
7fa2f82a1000-7fa2f82a4000 rw-p 001db000 08:17 3146115                    /usr/lib/x86_64-linux-gnu/libstdc++.so.6.0.28
7fa2f82a4000-7fa2f82a7000 rw-p 00000000 00:00 0 
7fa2f82a7000-7fa2f8529000 r--p 00000000 08:17 3160965                    /usr/lib/jvm/java-11-openjdk-amd64/lib/server/libjvm.so
7fa2f8529000-7fa2f91af000 r-xp 00282000 08:17 3160965                    /usr/lib/jvm/java-11-openjdk-amd64/lib/server/libjvm.so
7fa2f91af000-7fa2f940b000 r--p 00f08000 08:17 3160965                    /usr/lib/jvm/java-11-openjdk-amd64/lib/server/libjvm.so
7fa2f940b000-7fa2f94cf000 r--p 01163000 08:17 3160965                    /usr/lib/jvm/java-11-openjdk-amd64/lib/server/libjvm.so
7fa2f94cf000-7fa2f950a000 rw-p 01227000 08:17 3160965                    /usr/lib/jvm/java-11-openjdk-amd64/lib/server/libjvm.so
7fa2f950a000-7fa2f9563000 rw-p 00000000 00:00 0 
7fa2f9563000-7fa2f9569000 r--p 00000000 08:17 525921                     /lib/x86_64-linux-gnu/libpthread-2.31.so
7fa2f9569000-7fa2f957a000 r-xp 00006000 08:17 525921                     /lib/x86_64-linux-gnu/libpthread-2.31.so
7fa2f957a000-7fa2f9580000 r--p 00017000 08:17 525921                     /lib/x86_64-linux-gnu/libpthread-2.31.so
7fa2f9580000-7fa2f9581000 r--p 0001c000 08:17 525921                     /lib/x86_64-linux-gnu/libpthread-2.31.so
7fa2f9581000-7fa2f9582000 rw-p 0001d000 08:17 525921                     /lib/x86_64-linux-gnu/libpthread-2.31.so
7fa2f9582000-7fa2f9586000 rw-p 00000000 00:00 0 
7fa2f9586000-7fa2f9587000 r--p 00000000 08:17 525536                     /lib/x86_64-linux-gnu/libdl-2.31.so
7fa2f9587000-7fa2f9589000 r-xp 00001000 08:17 525536                     /lib/x86_64-linux-gnu/libdl-2.31.so
7fa2f9589000-7fa2f958a000 r--p 00003000 08:17 525536                     /lib/x86_64-linux-gnu/libdl-2.31.so
7fa2f958a000-7fa2f958b000 r--p 00003000 08:17 525536                     /lib/x86_64-linux-gnu/libdl-2.31.so
7fa2f958b000-7fa2f958c000 rw-p 00004000 08:17 525536                     /lib/x86_64-linux-gnu/libdl-2.31.so
7fa2f958c000-7fa2f958e000 r--p 00000000 08:17 524805                     /lib/x86_64-linux-gnu/libz.so.1.2.11
7fa2f958e000-7fa2f959f000 r-xp 00002000 08:17 524805                     /lib/x86_64-linux-gnu/libz.so.1.2.11
7fa2f959f000-7fa2f95a5000 r--p 00013000 08:17 524805                     /lib/x86_64-linux-gnu/libz.so.1.2.11
7fa2f95a5000-7fa2f95a6000 ---p 00019000 08:17 524805                     /lib/x86_64-linux-gnu/libz.so.1.2.11
7fa2f95a6000-7fa2f95a7000 r--p 00019000 08:17 524805                     /lib/x86_64-linux-gnu/libz.so.1.2.11
7fa2f95a7000-7fa2f95a8000 rw-p 0001a000 08:17 524805                     /lib/x86_64-linux-gnu/libz.so.1.2.11
7fa2f95a8000-7fa2f95ca000 r--p 00000000 08:17 525534                     /lib/x86_64-linux-gnu/libc-2.31.so
7fa2f95ca000-7fa2f9742000 r-xp 00022000 08:17 525534                     /lib/x86_64-linux-gnu/libc-2.31.so
7fa2f9742000-7fa2f9790000 r--p 0019a000 08:17 525534                     /lib/x86_64-linux-gnu/libc-2.31.so
7fa2f9790000-7fa2f9794000 r--p 001e7000 08:17 525534                     /lib/x86_64-linux-gnu/libc-2.31.so
7fa2f9794000-7fa2f9796000 rw-p 001eb000 08:17 525534                     /lib/x86_64-linux-gnu/libc-2.31.so
7fa2f9796000-7fa2f979a000 rw-p 00000000 00:00 0 
7fa2f979d000-7fa2f979f000 r--s 0000c000 08:17 136305                     /usr/share/java/java-atk-wrapper.jar
7fa2f979f000-7fa2f97a0000 ---p 00000000 00:00 0 
7fa2f97a0000-7fa2f97a1000 r--p 00000000 00:00 0 
7fa2f97a1000-7fa2f97a3000 r--p 00000000 08:17 3154826                    /usr/lib/jvm/java-11-openjdk-amd64/lib/libjimage.so
7fa2f97a3000-7fa2f97a6000 r-xp 00002000 08:17 3154826                    /usr/lib/jvm/java-11-openjdk-amd64/lib/libjimage.so
7fa2f97a6000-7fa2f97a7000 r--p 00005000 08:17 3154826                    /usr/lib/jvm/java-11-openjdk-amd64/lib/libjimage.so
7fa2f97a7000-7fa2f97a8000 ---p 00006000 08:17 3154826                    /usr/lib/jvm/java-11-openjdk-amd64/lib/libjimage.so
7fa2f97a8000-7fa2f97a9000 r--p 00006000 08:17 3154826                    /usr/lib/jvm/java-11-openjdk-amd64/lib/libjimage.so
7fa2f97a9000-7fa2f97aa000 rw-p 00007000 08:17 3154826                    /usr/lib/jvm/java-11-openjdk-amd64/lib/libjimage.so
7fa2f97aa000-7fa2f97af000 r--p 00000000 08:17 3155234                    /usr/lib/jvm/java-11-openjdk-amd64/lib/libverify.so
7fa2f97af000-7fa2f97b6000 r-xp 00005000 08:17 3155234                    /usr/lib/jvm/java-11-openjdk-amd64/lib/libverify.so
7fa2f97b6000-7fa2f97b8000 r--p 0000c000 08:17 3155234                    /usr/lib/jvm/java-11-openjdk-amd64/lib/libverify.so
7fa2f97b8000-7fa2f97b9000 ---p 0000e000 08:17 3155234                    /usr/lib/jvm/java-11-openjdk-amd64/lib/libverify.so
7fa2f97b9000-7fa2f97bb000 r--p 0000e000 08:17 3155234                    /usr/lib/jvm/java-11-openjdk-amd64/lib/libverify.so
7fa2f97bb000-7fa2f97bc000 rw-p 00010000 08:17 3155234                    /usr/lib/jvm/java-11-openjdk-amd64/lib/libverify.so
7fa2f97bc000-7fa2f97bf000 r--p 00000000 08:17 3149434                    /usr/lib/jvm/java-11-openjdk-amd64/lib/jli/libjli.so
7fa2f97bf000-7fa2f97c9000 r-xp 00003000 08:17 3149434                    /usr/lib/jvm/java-11-openjdk-amd64/lib/jli/libjli.so
7fa2f97c9000-7fa2f97cc000 r--p 0000d000 08:17 3149434                    /usr/lib/jvm/java-11-openjdk-amd64/lib/jli/libjli.so
7fa2f97cc000-7fa2f97cd000 ---p 00010000 08:17 3149434                    /usr/lib/jvm/java-11-openjdk-amd64/lib/jli/libjli.so
7fa2f97cd000-7fa2f97ce000 r--p 00010000 08:17 3149434                    /usr/lib/jvm/java-11-openjdk-amd64/lib/jli/libjli.so
7fa2f97ce000-7fa2f97cf000 rw-p 00011000 08:17 3149434                    /usr/lib/jvm/java-11-openjdk-amd64/lib/jli/libjli.so
7fa2f97cf000-7fa2f97d1000 rw-p 00000000 00:00 0 
7fa2f97d1000-7fa2f97d4000 r--p 00000000 00:00 0                          [vvar]
7fa2f97d4000-7fa2f97d5000 r-xp 00000000 00:00 0                          [vdso]
7fa2f97d5000-7fa2f97d6000 r--p 00000000 08:17 525093                     /lib/x86_64-linux-gnu/ld-2.31.so
7fa2f97d6000-7fa2f97f9000 r-xp 00001000 08:17 525093                     /lib/x86_64-linux-gnu/ld-2.31.so
7fa2f97f9000-7fa2f9801000 r--p 00024000 08:17 525093                     /lib/x86_64-linux-gnu/ld-2.31.so
7fa2f9802000-7fa2f9803000 r--p 0002c000 08:17 525093                     /lib/x86_64-linux-gnu/ld-2.31.so
7fa2f9803000-7fa2f9804000 rw-p 0002d000 08:17 525093                     /lib/x86_64-linux-gnu/ld-2.31.so
7fa2f9804000-7fa2f9805000 rw-p 00000000 00:00 0 
7ffec93a8000-7ffec93ca000 rw-p 00000000 00:00 0                          [stack]
ffffffffff600000-ffffffffff601000 --xp 00000000 00:00 0                  [vsyscall]


VM Arguments:
java_command: com.jeantessier.dependencyfinder.cli.JarJarDiff -code -out /home/luccasparoni/Documents/TCC/RegressionTestSelectionTool/target/jarjardiff_tempfile.xml -old-label Initial -old /home/luccasparoni/Documents/TCC/Defects4j-Compiled-ForTest/Time_v1b -new-label Modified -new /home/luccasparoni/Documents/TCC/Defects4j-Compiled-ForTest/Time_v27b
java_class_path (initial): /home/luccasparoni/Documents/TCC/DependencyFinder-1.2.1-beta5/classes:/home/luccasparoni/Documents/TCC/DependencyFinder-1.2.1-beta5/lib/DependencyFinder.jar:/home/luccasparoni/Documents/TCC/DependencyFinder-1.2.1-beta5/lib/guava.jar:/home/luccasparoni/Documents/TCC/DependencyFinder-1.2.1-beta5/lib/jakarta-oro.jar:/home/luccasparoni/Documents/TCC/DependencyFinder-1.2.1-beta5/lib/jsr305.jar:/home/luccasparoni/Documents/TCC/DependencyFinder-1.2.1-beta5/lib/log4j.jar:
Launcher Type: SUN_STANDARD

[Global flags]
     intx CICompilerCount                          = 3                                         {product} {ergonomic}
     uint ConcGCThreads                            = 1                                         {product} {ergonomic}
     uint G1ConcRefinementThreads                  = 4                                         {product} {ergonomic}
   size_t G1HeapRegionSize                         = 1048576                                   {product} {ergonomic}
    uintx GCDrainStackTargetSize                   = 64                                        {product} {ergonomic}
   size_t InitialHeapSize                          = 163577856                                 {product} {ergonomic}
   size_t MarkStackSize                            = 4194304                                   {product} {ergonomic}
   size_t MaxHeapSize                              = 2585788416                                {product} {ergonomic}
   size_t MaxNewSize                               = 1550843904                                {product} {ergonomic}
   size_t MinHeapDeltaBytes                        = 1048576                                   {product} {ergonomic}
    uintx NonNMethodCodeHeapSize                   = 5830732                                {pd product} {ergonomic}
    uintx NonProfiledCodeHeapSize                  = 122913754                              {pd product} {ergonomic}
    uintx ProfiledCodeHeapSize                     = 122913754                              {pd product} {ergonomic}
    uintx ReservedCodeCacheSize                    = 251658240                              {pd product} {ergonomic}
     bool SegmentedCodeCache                       = true                                      {product} {ergonomic}
     bool UseCompressedClassPointers               = true                                 {lp64_product} {ergonomic}
     bool UseCompressedOops                        = true                                 {lp64_product} {ergonomic}
     bool UseG1GC                                  = true                                      {product} {ergonomic}

Logging:
Log output configuration:
 #0: stdout all=warning uptime,level,tags
 #1: stderr all=off uptime,level,tags

Environment Variables:
JAVA_HOME=/usr/lib/jvm/java-11-openjdk-amd64/
PATH=/home/luccasparoni/.local/bin:/home/luccasparoni/anaconda3/condabin:/home/luccasparoni/Documents/TCC/pmd-bin-6.42.0/bin:/home/luccasparoni/.local/bin:/home/luccasparoni/.nvm/versions/node/v15.11.0/bin:/home/luccasparoni/.local/bin:/home/luccasparoni/.rvm/gems/ruby-2.6.5/bin:/home/luccasparoni/.rvm/gems/ruby-2.6.5@global/bin:/usr/share/rvm/rubies/ruby-2.6.5/bin:/usr/local/sbin:/usr/local/bin:/usr/sbin:/usr/bin:/sbin:/bin:/usr/games:/usr/local/games:/snap/bin:/home/luccasparoni/.dotnet/tools:/opt/maven/bin:/usr/share/rvm/bin:/home/luccasparoni/.dotnet/tools:/opt/maven/bin
USERNAME=luccasparoni
LD_LIBRARY_PATH=/usr/lib/cuda/lib64:/usr/lib/cuda/include:/usr/lib/cuda/lib64:
SHELL=/bin/bash
DISPLAY=:1
LANG=en_US.UTF-8
LC_CTYPE=pt_BR.UTF-8

Signal Handlers:
SIGSEGV: [libjvm.so+0xe95100], sa_mask[0]=11111111011111111101111111111110, sa_flags=SA_RESTART|SA_SIGINFO
SIGBUS: [libjvm.so+0xe95100], sa_mask[0]=11111111011111111101111111111110, sa_flags=SA_RESTART|SA_SIGINFO
SIGFPE: [libjvm.so+0xe95100], sa_mask[0]=11111111011111111101111111111110, sa_flags=SA_RESTART|SA_SIGINFO
SIGPIPE: [libjvm.so+0xbdca50], sa_mask[0]=11111111011111111101111111111110, sa_flags=SA_RESTART|SA_SIGINFO
SIGXFSZ: [libjvm.so+0xbdca50], sa_mask[0]=11111111011111111101111111111110, sa_flags=SA_RESTART|SA_SIGINFO
SIGILL: [libjvm.so+0xe95100], sa_mask[0]=11111111011111111101111111111110, sa_flags=SA_RESTART|SA_SIGINFO
SIGUSR2: [libjvm.so+0xbdc8f0], sa_mask[0]=00100000000000000000000000000000, sa_flags=SA_RESTART|SA_SIGINFO
SIGHUP: [libjvm.so+0xbdcd90], sa_mask[0]=11111111011111111101111111111110, sa_flags=SA_RESTART|SA_SIGINFO
SIGINT: [libjvm.so+0xbdcd90], sa_mask[0]=11111111011111111101111111111110, sa_flags=SA_RESTART|SA_SIGINFO
SIGTERM: [libjvm.so+0xbdcd90], sa_mask[0]=11111111011111111101111111111110, sa_flags=SA_RESTART|SA_SIGINFO
SIGQUIT: [libjvm.so+0xbdcd90], sa_mask[0]=11111111011111111101111111111110, sa_flags=SA_RESTART|SA_SIGINFO


---------------  S Y S T E M  ---------------

OS:DISTRIB_ID=Ubuntu
DISTRIB_RELEASE=20.04
DISTRIB_CODENAME=focal
DISTRIB_DESCRIPTION="Ubuntu 20.04.3 LTS"
uname:Linux 5.4.0-109-generic #123-Ubuntu SMP Fri Apr 8 09:10:54 UTC 2022 x86_64
OS uptime: 0 days 0:44 hours
libc:glibc 2.31 NPTL 2.31 
rlimit (soft/hard): STACK 8192k/infinity , CORE 0k/infinity , NPROC 39227/39227 , NOFILE 1048576/1048576 , AS infinity/infinity , CPU infinity/infinity , DATA infinity/infinity , FSIZE infinity/infinity , MEMLOCK 65536k/65536k
load average:2,91 2,13 2,09

/proc/meminfo:
MemTotal:       10100560 kB
MemFree:          197412 kB
MemAvailable:     849208 kB
Buffers:           39528 kB
Cached:           876408 kB
SwapCached:        22336 kB
Active:          7894884 kB
Inactive:        1383028 kB
Active(anon):    7432088 kB
Inactive(anon):  1025408 kB
Active(file):     462796 kB
Inactive(file):   357620 kB
Unevictable:         492 kB
Mlocked:             112 kB
SwapTotal:      15977460 kB
SwapFree:       15092468 kB
Dirty:             44180 kB
Writeback:             0 kB
AnonPages:       8342832 kB
Mapped:           411344 kB
Shmem:             95520 kB
KReclaimable:     125424 kB
Slab:             327572 kB
SReclaimable:     125424 kB
SUnreclaim:       202148 kB
KernelStack:       24704 kB
PageTables:        78000 kB
NFS_Unstable:          0 kB
Bounce:                0 kB
WritebackTmp:          0 kB
CommitLimit:    21027740 kB
Committed_AS:   23457032 kB
VmallocTotal:   34359738367 kB
VmallocUsed:       87152 kB
VmallocChunk:          0 kB
Percpu:             3856 kB
HardwareCorrupted:     0 kB
AnonHugePages:         0 kB
ShmemHugePages:        0 kB
ShmemPmdMapped:        0 kB
FileHugePages:         0 kB
FilePmdMapped:         0 kB
CmaTotal:              0 kB
CmaFree:               0 kB
HugePages_Total:       0
HugePages_Free:        0
HugePages_Rsvd:        0
HugePages_Surp:        0
Hugepagesize:       2048 kB
Hugetlb:               0 kB
DirectMap4k:      668444 kB
DirectMap2M:     8669184 kB
DirectMap1G:     2097152 kB

/sys/kernel/mm/transparent_hugepage/enabled:
always [madvise] never
/sys/kernel/mm/transparent_hugepage/defrag (defrag/compaction efforts parameter):
always defer defer+madvise [madvise] never

Process Memory:
Virtual Size: 5352480K (peak: 13975412K)
Resident Set Size: 204792K (peak: 204792K) (anon: 177764K, file: 27028K, shmem: 0K)
Swapped out: 0K
C-Heap outstanding allocations: 29655K

/proc/sys/kernel/threads-max (system-wide limit on the number of threads):
78454
/proc/sys/vm/max_map_count (maximum number of memory map areas a process may have):
65530
/proc/sys/kernel/pid_max (system-wide limit on number of process identifiers):
4194304

container (cgroup) information:
container_type: cgroupv1
cpu_cpuset_cpus: 0-3
cpu_memory_nodes: 0
active_processor_count: 4
cpu_quota: -1
cpu_period: 100000
cpu_shares: -1
memory_limit_in_bytes: -1
memory_and_swap_limit_in_bytes: -2
memory_soft_limit_in_bytes: -1
memory_usage_in_bytes: 9433042944
memory_max_usage_in_bytes: 9500848128

Steal ticks since vm start: 0
Steal ticks percentage since vm start:  0,000

CPU:total 4 (initial active 4) (2 cores per cpu, 2 threads per core) family 6 model 61 stepping 4 microcode 0x2f, cmov, cx8, fxsr, mmx, sse, sse2, sse3, ssse3, sse4.1, sse4.2, popcnt, avx, avx2, aes, clmul, erms, 3dnowpref, lzcnt, ht, tsc, tscinvbit, bmi1, bmi2, adx, fma
CPU Model and flags from /proc/cpuinfo:
model name	: Intel(R) Core(TM) i7-5500U CPU @ 2.40GHz
flags		: fpu vme de pse tsc msr pae mce cx8 apic sep mtrr pge mca cmov pat pse36 clflush dts acpi mmx fxsr sse sse2 ss ht tm pbe syscall nx pdpe1gb rdtscp lm constant_tsc arch_perfmon pebs bts rep_good nopl xtopology nonstop_tsc cpuid aperfmperf pni pclmulqdq dtes64 monitor ds_cpl vmx est tm2 ssse3 sdbg fma cx16 xtpr pdcm pcid sse4_1 sse4_2 x2apic movbe popcnt tsc_deadline_timer aes xsave avx f16c rdrand lahf_lm abm 3dnowprefetch cpuid_fault epb invpcid_single pti ssbd ibrs ibpb stibp tpr_shadow vnmi flexpriority ept vpid ept_ad fsgsbase tsc_adjust bmi1 avx2 smep bmi2 erms invpcid rdseed adx smap intel_pt xsaveopt dtherm ida arat pln pts md_clear flush_l1d
Online cpus:
0-3
Offline cpus:

BIOS frequency limitation:
<Not Available>
Frequency switch latency (ns):
0
Available cpu frequencies:
<Not Available>
Current governor:
powersave
Core performance/turbo boost:
<Not Available>

Memory: 4k page, physical 10100560k(197412k free), swap 15977460k(15092468k free)

vm_info: OpenJDK 64-Bit Server VM (11.0.15+10-Ubuntu-0ubuntu0.20.04.1) for linux-amd64 JRE (11.0.15+10-Ubuntu-0ubuntu0.20.04.1), built on Apr 23 2022 13:02:10 by "unknown" with gcc 9.4.0

END.
